<?xml version="1.0" encoding="UTF-8"?>
<!-- Generated by org.testng.reporters.JUnitXMLReporter -->
<testsuite ignored="0" hostname="DESKTOP-56JGFOQ" failures="0" tests="3" name="Test" time="3.039" errors="0" timestamp="2024-04-02T17:27:58 AEDT">
  <testcase classname="com.sdetadda.allure.TestNGTestCases" name="functionHTMLCheck" time="0.14"/>
  <testcase classname="com.sdetadda.allure.RestAssuredTestCases" name="test_01" time="2.733"/>
  <testcase classname="com.sdetadda.allure.RestAssuredTestCases" name="test_02" time="0.038"/>
</testsuite> <!-- Test -->
