<?xml version="1.0" encoding="UTF-8"?>
<testng-results ignored="0" total="407" passed="402" failed="5" skipped="0">
  <reporter-output>
  </reporter-output>
  <suite started-at="2024-05-18T10:37:41 AEST" name="Default suite" finished-at="2024-05-18T10:38:15 AEST" duration-ms="34556">
    <groups>
    </groups>
    <test started-at="2024-05-18T10:37:41 AEST" name="Default test" finished-at="2024-05-18T10:38:15 AEST" duration-ms="34556">
      <class name="com.sdetadda.allure.RestAssuredTestCases">
        <test-method signature="testGetHeadingWithAnchorAndIdEmptyHeading()[pri:0, instance:com.sdetadda.allure.RestAssuredTestCases@4d722ac9]" started-at="2024-05-18T10:37:41 AEST" name="testGetHeadingWithAnchorAndIdEmptyHeading" finished-at="2024-05-18T10:37:48 AEST" duration-ms="6842" status="PASS">
          <reporter-output>
          </reporter-output>
        </test-method> <!-- testGetHeadingWithAnchorAndIdEmptyHeading -->
        <test-method signature="testGetHeadingWithAnchorAndIdEmptyHeadingAndText()[pri:0, instance:com.sdetadda.allure.RestAssuredTestCases@4d722ac9]" started-at="2024-05-18T10:37:48 AEST" name="testGetHeadingWithAnchorAndIdEmptyHeadingAndText" finished-at="2024-05-18T10:37:48 AEST" duration-ms="178" status="PASS">
          <reporter-output>
          </reporter-output>
        </test-method> <!-- testGetHeadingWithAnchorAndIdEmptyHeadingAndText -->
        <test-method signature="testGetHeadingWithAnchorAndIdEmptyHeadingAndTextAndUrl()[pri:0, instance:com.sdetadda.allure.RestAssuredTestCases@4d722ac9]" started-at="2024-05-18T10:37:48 AEST" name="testGetHeadingWithAnchorAndIdEmptyHeadingAndTextAndUrl" finished-at="2024-05-18T10:37:48 AEST" duration-ms="133" status="PASS">
          <reporter-output>
          </reporter-output>
        </test-method> <!-- testGetHeadingWithAnchorAndIdEmptyHeadingAndTextAndUrl -->
        <test-method signature="testGetHeadingWithAnchorAndIdEmptyHeadingAndTextAndUrlAndZeroId()[pri:0, instance:com.sdetadda.allure.RestAssuredTestCases@4d722ac9]" started-at="2024-05-18T10:37:48 AEST" name="testGetHeadingWithAnchorAndIdEmptyHeadingAndTextAndUrlAndZeroId" finished-at="2024-05-18T10:37:48 AEST" duration-ms="101" status="PASS">
          <reporter-output>
          </reporter-output>
        </test-method> <!-- testGetHeadingWithAnchorAndIdEmptyHeadingAndTextAndUrlAndZeroId -->
        <test-method signature="testGetHeadingWithAnchorAndIdEmptyHeadingAndTextAndZeroId()[pri:0, instance:com.sdetadda.allure.RestAssuredTestCases@4d722ac9]" started-at="2024-05-18T10:37:49 AEST" name="testGetHeadingWithAnchorAndIdEmptyHeadingAndTextAndZeroId" finished-at="2024-05-18T10:37:49 AEST" duration-ms="54" status="PASS">
          <reporter-output>
          </reporter-output>
        </test-method> <!-- testGetHeadingWithAnchorAndIdEmptyHeadingAndTextAndZeroId -->
        <test-method signature="testGetHeadingWithAnchorAndIdEmptyHeadingAndUrl()[pri:0, instance:com.sdetadda.allure.RestAssuredTestCases@4d722ac9]" started-at="2024-05-18T10:37:49 AEST" name="testGetHeadingWithAnchorAndIdEmptyHeadingAndUrl" finished-at="2024-05-18T10:37:49 AEST" duration-ms="56" status="PASS">
          <reporter-output>
          </reporter-output>
        </test-method> <!-- testGetHeadingWithAnchorAndIdEmptyHeadingAndUrl -->
        <test-method signature="testGetHeadingWithAnchorAndIdEmptyHeadingAndUrlZeroId()[pri:0, instance:com.sdetadda.allure.RestAssuredTestCases@4d722ac9]" started-at="2024-05-18T10:37:49 AEST" name="testGetHeadingWithAnchorAndIdEmptyHeadingAndUrlZeroId" finished-at="2024-05-18T10:37:49 AEST" duration-ms="89" status="PASS">
          <reporter-output>
          </reporter-output>
        </test-method> <!-- testGetHeadingWithAnchorAndIdEmptyHeadingAndUrlZeroId -->
        <test-method signature="testGetHeadingWithAnchorAndIdEmptyHeadingAndZeroId()[pri:0, instance:com.sdetadda.allure.RestAssuredTestCases@4d722ac9]" started-at="2024-05-18T10:37:49 AEST" name="testGetHeadingWithAnchorAndIdEmptyHeadingAndZeroId" finished-at="2024-05-18T10:37:49 AEST" duration-ms="152" status="PASS">
          <reporter-output>
          </reporter-output>
        </test-method> <!-- testGetHeadingWithAnchorAndIdEmptyHeadingAndZeroId -->
        <test-method signature="testGetHeadingWithAnchorAndIdEmptyText()[pri:0, instance:com.sdetadda.allure.RestAssuredTestCases@4d722ac9]" started-at="2024-05-18T10:37:49 AEST" name="testGetHeadingWithAnchorAndIdEmptyText" finished-at="2024-05-18T10:37:50 AEST" duration-ms="767" status="PASS">
          <reporter-output>
          </reporter-output>
        </test-method> <!-- testGetHeadingWithAnchorAndIdEmptyText -->
        <test-method signature="testGetHeadingWithAnchorAndIdEmptyTextAndUrl()[pri:0, instance:com.sdetadda.allure.RestAssuredTestCases@4d722ac9]" started-at="2024-05-18T10:37:50 AEST" name="testGetHeadingWithAnchorAndIdEmptyTextAndUrl" finished-at="2024-05-18T10:37:50 AEST" duration-ms="101" status="PASS">
          <reporter-output>
          </reporter-output>
        </test-method> <!-- testGetHeadingWithAnchorAndIdEmptyTextAndUrl -->
        <test-method signature="testGetHeadingWithAnchorAndIdEmptyTextAndUrlAndZeroId()[pri:0, instance:com.sdetadda.allure.RestAssuredTestCases@4d722ac9]" started-at="2024-05-18T10:37:50 AEST" name="testGetHeadingWithAnchorAndIdEmptyTextAndUrlAndZeroId" finished-at="2024-05-18T10:37:50 AEST" duration-ms="82" status="PASS">
          <reporter-output>
          </reporter-output>
        </test-method> <!-- testGetHeadingWithAnchorAndIdEmptyTextAndUrlAndZeroId -->
        <test-method signature="testGetHeadingWithAnchorAndIdEmptyTextAndZeroId()[pri:0, instance:com.sdetadda.allure.RestAssuredTestCases@4d722ac9]" started-at="2024-05-18T10:37:50 AEST" name="testGetHeadingWithAnchorAndIdEmptyTextAndZeroId" finished-at="2024-05-18T10:37:50 AEST" duration-ms="84" status="PASS">
          <reporter-output>
          </reporter-output>
        </test-method> <!-- testGetHeadingWithAnchorAndIdEmptyTextAndZeroId -->
        <test-method signature="testGetHeadingWithAnchorAndIdEmptyUrl()[pri:0, instance:com.sdetadda.allure.RestAssuredTestCases@4d722ac9]" started-at="2024-05-18T10:37:50 AEST" name="testGetHeadingWithAnchorAndIdEmptyUrl" finished-at="2024-05-18T10:37:50 AEST" duration-ms="95" status="PASS">
          <reporter-output>
          </reporter-output>
        </test-method> <!-- testGetHeadingWithAnchorAndIdEmptyUrl -->
        <test-method signature="testGetHeadingWithAnchorAndIdEmptyUrlAndZeroId()[pri:0, instance:com.sdetadda.allure.RestAssuredTestCases@4d722ac9]" started-at="2024-05-18T10:37:50 AEST" name="testGetHeadingWithAnchorAndIdEmptyUrlAndZeroId" finished-at="2024-05-18T10:37:50 AEST" duration-ms="104" status="PASS">
          <reporter-output>
          </reporter-output>
        </test-method> <!-- testGetHeadingWithAnchorAndIdEmptyUrlAndZeroId -->
        <test-method signature="testGetHeadingWithAnchorAndIdLongHeading()[pri:0, instance:com.sdetadda.allure.RestAssuredTestCases@4d722ac9]" started-at="2024-05-18T10:37:50 AEST" name="testGetHeadingWithAnchorAndIdLongHeading" finished-at="2024-05-18T10:37:50 AEST" duration-ms="136" status="PASS">
          <reporter-output>
          </reporter-output>
        </test-method> <!-- testGetHeadingWithAnchorAndIdLongHeading -->
        <test-method signature="testGetHeadingWithAnchorAndIdLongHeadingAndText()[pri:0, instance:com.sdetadda.allure.RestAssuredTestCases@4d722ac9]" started-at="2024-05-18T10:37:50 AEST" name="testGetHeadingWithAnchorAndIdLongHeadingAndText" finished-at="2024-05-18T10:37:51 AEST" duration-ms="461" status="PASS">
          <reporter-output>
          </reporter-output>
        </test-method> <!-- testGetHeadingWithAnchorAndIdLongHeadingAndText -->
        <test-method signature="testGetHeadingWithAnchorAndIdLongHeadingAndTextAndUrl()[pri:0, instance:com.sdetadda.allure.RestAssuredTestCases@4d722ac9]" started-at="2024-05-18T10:37:51 AEST" name="testGetHeadingWithAnchorAndIdLongHeadingAndTextAndUrl" finished-at="2024-05-18T10:37:51 AEST" duration-ms="216" status="PASS">
          <reporter-output>
          </reporter-output>
        </test-method> <!-- testGetHeadingWithAnchorAndIdLongHeadingAndTextAndUrl -->
        <test-method signature="testGetHeadingWithAnchorAndIdLongHeadingAndTextAndUrlAndZeroId()[pri:0, instance:com.sdetadda.allure.RestAssuredTestCases@4d722ac9]" started-at="2024-05-18T10:37:51 AEST" name="testGetHeadingWithAnchorAndIdLongHeadingAndTextAndUrlAndZeroId" finished-at="2024-05-18T10:37:51 AEST" duration-ms="100" status="PASS">
          <reporter-output>
          </reporter-output>
        </test-method> <!-- testGetHeadingWithAnchorAndIdLongHeadingAndTextAndUrlAndZeroId -->
        <test-method signature="testGetHeadingWithAnchorAndIdLongHeadingAndTextAndZeroId()[pri:0, instance:com.sdetadda.allure.RestAssuredTestCases@4d722ac9]" started-at="2024-05-18T10:37:51 AEST" name="testGetHeadingWithAnchorAndIdLongHeadingAndTextAndZeroId" finished-at="2024-05-18T10:37:51 AEST" duration-ms="85" status="PASS">
          <reporter-output>
          </reporter-output>
        </test-method> <!-- testGetHeadingWithAnchorAndIdLongHeadingAndTextAndZeroId -->
        <test-method signature="testGetHeadingWithAnchorAndIdLongHeadingAndUrl()[pri:0, instance:com.sdetadda.allure.RestAssuredTestCases@4d722ac9]" started-at="2024-05-18T10:37:51 AEST" name="testGetHeadingWithAnchorAndIdLongHeadingAndUrl" finished-at="2024-05-18T10:37:51 AEST" duration-ms="77" status="PASS">
          <reporter-output>
          </reporter-output>
        </test-method> <!-- testGetHeadingWithAnchorAndIdLongHeadingAndUrl -->
        <test-method signature="testGetHeadingWithAnchorAndIdLongHeadingAndUrlZeroId()[pri:0, instance:com.sdetadda.allure.RestAssuredTestCases@4d722ac9]" started-at="2024-05-18T10:37:52 AEST" name="testGetHeadingWithAnchorAndIdLongHeadingAndUrlZeroId" finished-at="2024-05-18T10:37:52 AEST" duration-ms="52" status="PASS">
          <reporter-output>
          </reporter-output>
        </test-method> <!-- testGetHeadingWithAnchorAndIdLongHeadingAndUrlZeroId -->
        <test-method signature="testGetHeadingWithAnchorAndIdLongHeadingAndZeroId()[pri:0, instance:com.sdetadda.allure.RestAssuredTestCases@4d722ac9]" started-at="2024-05-18T10:37:52 AEST" name="testGetHeadingWithAnchorAndIdLongHeadingAndZeroId" finished-at="2024-05-18T10:37:52 AEST" duration-ms="67" status="PASS">
          <reporter-output>
          </reporter-output>
        </test-method> <!-- testGetHeadingWithAnchorAndIdLongHeadingAndZeroId -->
        <test-method signature="testGetHeadingWithAnchorAndIdLongText()[pri:0, instance:com.sdetadda.allure.RestAssuredTestCases@4d722ac9]" started-at="2024-05-18T10:37:52 AEST" name="testGetHeadingWithAnchorAndIdLongText" finished-at="2024-05-18T10:37:52 AEST" duration-ms="61" status="PASS">
          <reporter-output>
          </reporter-output>
        </test-method> <!-- testGetHeadingWithAnchorAndIdLongText -->
        <test-method signature="testGetHeadingWithAnchorAndIdLongTextAndUrl()[pri:0, instance:com.sdetadda.allure.RestAssuredTestCases@4d722ac9]" started-at="2024-05-18T10:37:52 AEST" name="testGetHeadingWithAnchorAndIdLongTextAndUrl" finished-at="2024-05-18T10:37:52 AEST" duration-ms="62" status="PASS">
          <reporter-output>
          </reporter-output>
        </test-method> <!-- testGetHeadingWithAnchorAndIdLongTextAndUrl -->
        <test-method signature="testGetHeadingWithAnchorAndIdLongTextAndUrlAndZeroId()[pri:0, instance:com.sdetadda.allure.RestAssuredTestCases@4d722ac9]" started-at="2024-05-18T10:37:52 AEST" name="testGetHeadingWithAnchorAndIdLongTextAndUrlAndZeroId" finished-at="2024-05-18T10:37:52 AEST" duration-ms="62" status="PASS">
          <reporter-output>
          </reporter-output>
        </test-method> <!-- testGetHeadingWithAnchorAndIdLongTextAndUrlAndZeroId -->
        <test-method signature="testGetHeadingWithAnchorAndIdLongTextAndZeroId()[pri:0, instance:com.sdetadda.allure.RestAssuredTestCases@4d722ac9]" started-at="2024-05-18T10:37:52 AEST" name="testGetHeadingWithAnchorAndIdLongTextAndZeroId" finished-at="2024-05-18T10:37:52 AEST" duration-ms="69" status="PASS">
          <reporter-output>
          </reporter-output>
        </test-method> <!-- testGetHeadingWithAnchorAndIdLongTextAndZeroId -->
        <test-method signature="testGetHeadingWithAnchorAndIdLongUrl()[pri:0, instance:com.sdetadda.allure.RestAssuredTestCases@4d722ac9]" started-at="2024-05-18T10:37:52 AEST" name="testGetHeadingWithAnchorAndIdLongUrl" finished-at="2024-05-18T10:37:52 AEST" duration-ms="66" status="PASS">
          <reporter-output>
          </reporter-output>
        </test-method> <!-- testGetHeadingWithAnchorAndIdLongUrl -->
        <test-method signature="testGetHeadingWithAnchorAndIdLongUrlAndZeroId()[pri:0, instance:com.sdetadda.allure.RestAssuredTestCases@4d722ac9]" started-at="2024-05-18T10:37:52 AEST" name="testGetHeadingWithAnchorAndIdLongUrlAndZeroId" finished-at="2024-05-18T10:37:52 AEST" duration-ms="89" status="PASS">
          <reporter-output>
          </reporter-output>
        </test-method> <!-- testGetHeadingWithAnchorAndIdLongUrlAndZeroId -->
        <test-method signature="testGetHeadingWithAnchorAndIdNullHeading()[pri:0, instance:com.sdetadda.allure.RestAssuredTestCases@4d722ac9]" started-at="2024-05-18T10:37:52 AEST" name="testGetHeadingWithAnchorAndIdNullHeading" finished-at="2024-05-18T10:37:52 AEST" duration-ms="70" status="PASS">
          <reporter-output>
          </reporter-output>
        </test-method> <!-- testGetHeadingWithAnchorAndIdNullHeading -->
        <test-method signature="testGetHeadingWithAnchorAndIdNullHeadingAndText()[pri:0, instance:com.sdetadda.allure.RestAssuredTestCases@4d722ac9]" started-at="2024-05-18T10:37:52 AEST" name="testGetHeadingWithAnchorAndIdNullHeadingAndText" finished-at="2024-05-18T10:37:52 AEST" duration-ms="40" status="PASS">
          <reporter-output>
          </reporter-output>
        </test-method> <!-- testGetHeadingWithAnchorAndIdNullHeadingAndText -->
        <test-method signature="testGetHeadingWithAnchorAndIdNullHeadingAndTextAndUrl()[pri:0, instance:com.sdetadda.allure.RestAssuredTestCases@4d722ac9]" started-at="2024-05-18T10:37:52 AEST" name="testGetHeadingWithAnchorAndIdNullHeadingAndTextAndUrl" finished-at="2024-05-18T10:37:52 AEST" duration-ms="46" status="PASS">
          <reporter-output>
          </reporter-output>
        </test-method> <!-- testGetHeadingWithAnchorAndIdNullHeadingAndTextAndUrl -->
        <test-method signature="testGetHeadingWithAnchorAndIdNullHeadingAndTextAndUrlAndZeroId()[pri:0, instance:com.sdetadda.allure.RestAssuredTestCases@4d722ac9]" started-at="2024-05-18T10:37:52 AEST" name="testGetHeadingWithAnchorAndIdNullHeadingAndTextAndUrlAndZeroId" finished-at="2024-05-18T10:37:52 AEST" duration-ms="69" status="PASS">
          <reporter-output>
          </reporter-output>
        </test-method> <!-- testGetHeadingWithAnchorAndIdNullHeadingAndTextAndUrlAndZeroId -->
        <test-method signature="testGetHeadingWithAnchorAndIdNullHeadingAndTextAndZeroId()[pri:0, instance:com.sdetadda.allure.RestAssuredTestCases@4d722ac9]" started-at="2024-05-18T10:37:52 AEST" name="testGetHeadingWithAnchorAndIdNullHeadingAndTextAndZeroId" finished-at="2024-05-18T10:37:53 AEST" duration-ms="63" status="PASS">
          <reporter-output>
          </reporter-output>
        </test-method> <!-- testGetHeadingWithAnchorAndIdNullHeadingAndTextAndZeroId -->
        <test-method signature="testGetHeadingWithAnchorAndIdNullHeadingAndUrl()[pri:0, instance:com.sdetadda.allure.RestAssuredTestCases@4d722ac9]" started-at="2024-05-18T10:37:53 AEST" name="testGetHeadingWithAnchorAndIdNullHeadingAndUrl" finished-at="2024-05-18T10:37:53 AEST" duration-ms="48" status="PASS">
          <reporter-output>
          </reporter-output>
        </test-method> <!-- testGetHeadingWithAnchorAndIdNullHeadingAndUrl -->
        <test-method signature="testGetHeadingWithAnchorAndIdNullHeadingAndUrlZeroId()[pri:0, instance:com.sdetadda.allure.RestAssuredTestCases@4d722ac9]" started-at="2024-05-18T10:37:53 AEST" name="testGetHeadingWithAnchorAndIdNullHeadingAndUrlZeroId" finished-at="2024-05-18T10:37:53 AEST" duration-ms="52" status="PASS">
          <reporter-output>
          </reporter-output>
        </test-method> <!-- testGetHeadingWithAnchorAndIdNullHeadingAndUrlZeroId -->
        <test-method signature="testGetHeadingWithAnchorAndIdNullHeadingAndZeroId()[pri:0, instance:com.sdetadda.allure.RestAssuredTestCases@4d722ac9]" started-at="2024-05-18T10:37:53 AEST" name="testGetHeadingWithAnchorAndIdNullHeadingAndZeroId" finished-at="2024-05-18T10:37:53 AEST" duration-ms="46" status="PASS">
          <reporter-output>
          </reporter-output>
        </test-method> <!-- testGetHeadingWithAnchorAndIdNullHeadingAndZeroId -->
        <test-method signature="testGetHeadingWithAnchorAndIdNullId()[pri:0, instance:com.sdetadda.allure.RestAssuredTestCases@4d722ac9]" started-at="2024-05-18T10:37:53 AEST" name="testGetHeadingWithAnchorAndIdNullId" finished-at="2024-05-18T10:37:53 AEST" duration-ms="57" status="PASS">
          <reporter-output>
          </reporter-output>
        </test-method> <!-- testGetHeadingWithAnchorAndIdNullId -->
        <test-method signature="testGetHeadingWithAnchorAndIdNullText()[pri:0, instance:com.sdetadda.allure.RestAssuredTestCases@4d722ac9]" started-at="2024-05-18T10:37:53 AEST" name="testGetHeadingWithAnchorAndIdNullText" finished-at="2024-05-18T10:37:53 AEST" duration-ms="48" status="PASS">
          <reporter-output>
          </reporter-output>
        </test-method> <!-- testGetHeadingWithAnchorAndIdNullText -->
        <test-method signature="testGetHeadingWithAnchorAndIdNullTextAndUrl()[pri:0, instance:com.sdetadda.allure.RestAssuredTestCases@4d722ac9]" started-at="2024-05-18T10:37:53 AEST" name="testGetHeadingWithAnchorAndIdNullTextAndUrl" finished-at="2024-05-18T10:37:53 AEST" duration-ms="106" status="PASS">
          <reporter-output>
          </reporter-output>
        </test-method> <!-- testGetHeadingWithAnchorAndIdNullTextAndUrl -->
        <test-method signature="testGetHeadingWithAnchorAndIdNullTextAndUrlAndZeroId()[pri:0, instance:com.sdetadda.allure.RestAssuredTestCases@4d722ac9]" started-at="2024-05-18T10:37:53 AEST" name="testGetHeadingWithAnchorAndIdNullTextAndUrlAndZeroId" finished-at="2024-05-18T10:37:53 AEST" duration-ms="49" status="PASS">
          <reporter-output>
          </reporter-output>
        </test-method> <!-- testGetHeadingWithAnchorAndIdNullTextAndUrlAndZeroId -->
        <test-method signature="testGetHeadingWithAnchorAndIdNullTextAndZeroId()[pri:0, instance:com.sdetadda.allure.RestAssuredTestCases@4d722ac9]" started-at="2024-05-18T10:37:53 AEST" name="testGetHeadingWithAnchorAndIdNullTextAndZeroId" finished-at="2024-05-18T10:37:53 AEST" duration-ms="47" status="PASS">
          <reporter-output>
          </reporter-output>
        </test-method> <!-- testGetHeadingWithAnchorAndIdNullTextAndZeroId -->
        <test-method signature="testGetHeadingWithAnchorAndIdNullUrl()[pri:0, instance:com.sdetadda.allure.RestAssuredTestCases@4d722ac9]" started-at="2024-05-18T10:37:53 AEST" name="testGetHeadingWithAnchorAndIdNullUrl" finished-at="2024-05-18T10:37:53 AEST" duration-ms="53" status="PASS">
          <reporter-output>
          </reporter-output>
        </test-method> <!-- testGetHeadingWithAnchorAndIdNullUrl -->
        <test-method signature="testGetHeadingWithAnchorAndIdNullUrlAndZeroId()[pri:0, instance:com.sdetadda.allure.RestAssuredTestCases@4d722ac9]" started-at="2024-05-18T10:37:53 AEST" name="testGetHeadingWithAnchorAndIdNullUrlAndZeroId" finished-at="2024-05-18T10:37:53 AEST" duration-ms="67" status="PASS">
          <reporter-output>
          </reporter-output>
        </test-method> <!-- testGetHeadingWithAnchorAndIdNullUrlAndZeroId -->
        <test-method signature="testGetHeadingWithAnchorAndIdSpecialCharactersHeading()[pri:0, instance:com.sdetadda.allure.RestAssuredTestCases@4d722ac9]" started-at="2024-05-18T10:37:53 AEST" name="testGetHeadingWithAnchorAndIdSpecialCharactersHeading" finished-at="2024-05-18T10:37:53 AEST" duration-ms="51" status="PASS">
          <reporter-output>
          </reporter-output>
        </test-method> <!-- testGetHeadingWithAnchorAndIdSpecialCharactersHeading -->
        <test-method signature="testGetHeadingWithAnchorAndIdSpecialCharactersHeadingAndText()[pri:0, instance:com.sdetadda.allure.RestAssuredTestCases@4d722ac9]" started-at="2024-05-18T10:37:53 AEST" name="testGetHeadingWithAnchorAndIdSpecialCharactersHeadingAndText" finished-at="2024-05-18T10:37:53 AEST" duration-ms="39" status="PASS">
          <reporter-output>
          </reporter-output>
        </test-method> <!-- testGetHeadingWithAnchorAndIdSpecialCharactersHeadingAndText -->
        <test-method signature="testGetHeadingWithAnchorAndIdSpecialCharactersHeadingAndTextAndUrl()[pri:0, instance:com.sdetadda.allure.RestAssuredTestCases@4d722ac9]" started-at="2024-05-18T10:37:53 AEST" name="testGetHeadingWithAnchorAndIdSpecialCharactersHeadingAndTextAndUrl" finished-at="2024-05-18T10:37:53 AEST" duration-ms="39" status="PASS">
          <reporter-output>
          </reporter-output>
        </test-method> <!-- testGetHeadingWithAnchorAndIdSpecialCharactersHeadingAndTextAndUrl -->
        <test-method signature="testGetHeadingWithAnchorAndIdSpecialCharactersHeadingAndTextAndUrlAndZeroId()[pri:0, instance:com.sdetadda.allure.RestAssuredTestCases@4d722ac9]" started-at="2024-05-18T10:37:53 AEST" name="testGetHeadingWithAnchorAndIdSpecialCharactersHeadingAndTextAndUrlAndZeroId" finished-at="2024-05-18T10:37:53 AEST" duration-ms="46" status="PASS">
          <reporter-output>
          </reporter-output>
        </test-method> <!-- testGetHeadingWithAnchorAndIdSpecialCharactersHeadingAndTextAndUrlAndZeroId -->
        <test-method signature="testGetHeadingWithAnchorAndIdSpecialCharactersHeadingAndTextAndZeroId()[pri:0, instance:com.sdetadda.allure.RestAssuredTestCases@4d722ac9]" started-at="2024-05-18T10:37:53 AEST" name="testGetHeadingWithAnchorAndIdSpecialCharactersHeadingAndTextAndZeroId" finished-at="2024-05-18T10:37:53 AEST" duration-ms="52" status="PASS">
          <reporter-output>
          </reporter-output>
        </test-method> <!-- testGetHeadingWithAnchorAndIdSpecialCharactersHeadingAndTextAndZeroId -->
        <test-method signature="testGetHeadingWithAnchorAndIdSpecialCharactersHeadingAndUrl()[pri:0, instance:com.sdetadda.allure.RestAssuredTestCases@4d722ac9]" started-at="2024-05-18T10:37:53 AEST" name="testGetHeadingWithAnchorAndIdSpecialCharactersHeadingAndUrl" finished-at="2024-05-18T10:37:54 AEST" duration-ms="72" status="PASS">
          <reporter-output>
          </reporter-output>
        </test-method> <!-- testGetHeadingWithAnchorAndIdSpecialCharactersHeadingAndUrl -->
        <test-method signature="testGetHeadingWithAnchorAndIdSpecialCharactersHeadingAndUrlZeroId()[pri:0, instance:com.sdetadda.allure.RestAssuredTestCases@4d722ac9]" started-at="2024-05-18T10:37:54 AEST" name="testGetHeadingWithAnchorAndIdSpecialCharactersHeadingAndUrlZeroId" finished-at="2024-05-18T10:37:54 AEST" duration-ms="64" status="PASS">
          <reporter-output>
          </reporter-output>
        </test-method> <!-- testGetHeadingWithAnchorAndIdSpecialCharactersHeadingAndUrlZeroId -->
        <test-method signature="testGetHeadingWithAnchorAndIdSpecialCharactersHeadingAndZeroId()[pri:0, instance:com.sdetadda.allure.RestAssuredTestCases@4d722ac9]" started-at="2024-05-18T10:37:54 AEST" name="testGetHeadingWithAnchorAndIdSpecialCharactersHeadingAndZeroId" finished-at="2024-05-18T10:37:54 AEST" duration-ms="52" status="PASS">
          <reporter-output>
          </reporter-output>
        </test-method> <!-- testGetHeadingWithAnchorAndIdSpecialCharactersHeadingAndZeroId -->
        <test-method signature="testGetHeadingWithAnchorAndIdSpecialCharactersText()[pri:0, instance:com.sdetadda.allure.RestAssuredTestCases@4d722ac9]" started-at="2024-05-18T10:37:54 AEST" name="testGetHeadingWithAnchorAndIdSpecialCharactersText" finished-at="2024-05-18T10:37:54 AEST" duration-ms="62" status="PASS">
          <reporter-output>
          </reporter-output>
        </test-method> <!-- testGetHeadingWithAnchorAndIdSpecialCharactersText -->
        <test-method signature="testGetHeadingWithAnchorAndIdSpecialCharactersTextAndUrl()[pri:0, instance:com.sdetadda.allure.RestAssuredTestCases@4d722ac9]" started-at="2024-05-18T10:37:54 AEST" name="testGetHeadingWithAnchorAndIdSpecialCharactersTextAndUrl" finished-at="2024-05-18T10:37:54 AEST" duration-ms="62" status="PASS">
          <reporter-output>
          </reporter-output>
        </test-method> <!-- testGetHeadingWithAnchorAndIdSpecialCharactersTextAndUrl -->
        <test-method signature="testGetHeadingWithAnchorAndIdSpecialCharactersTextAndUrlAndZeroId()[pri:0, instance:com.sdetadda.allure.RestAssuredTestCases@4d722ac9]" started-at="2024-05-18T10:37:54 AEST" name="testGetHeadingWithAnchorAndIdSpecialCharactersTextAndUrlAndZeroId" finished-at="2024-05-18T10:37:54 AEST" duration-ms="44" status="PASS">
          <reporter-output>
          </reporter-output>
        </test-method> <!-- testGetHeadingWithAnchorAndIdSpecialCharactersTextAndUrlAndZeroId -->
        <test-method signature="testGetHeadingWithAnchorAndIdSpecialCharactersTextAndZeroId()[pri:0, instance:com.sdetadda.allure.RestAssuredTestCases@4d722ac9]" started-at="2024-05-18T10:37:54 AEST" name="testGetHeadingWithAnchorAndIdSpecialCharactersTextAndZeroId" finished-at="2024-05-18T10:37:54 AEST" duration-ms="46" status="PASS">
          <reporter-output>
          </reporter-output>
        </test-method> <!-- testGetHeadingWithAnchorAndIdSpecialCharactersTextAndZeroId -->
        <test-method signature="testGetHeadingWithAnchorAndIdSpecialCharactersUrl()[pri:0, instance:com.sdetadda.allure.RestAssuredTestCases@4d722ac9]" started-at="2024-05-18T10:37:54 AEST" name="testGetHeadingWithAnchorAndIdSpecialCharactersUrl" finished-at="2024-05-18T10:37:54 AEST" duration-ms="42" status="PASS">
          <reporter-output>
          </reporter-output>
        </test-method> <!-- testGetHeadingWithAnchorAndIdSpecialCharactersUrl -->
        <test-method signature="testGetHeadingWithAnchorAndIdSpecialCharactersUrlAndZeroId()[pri:0, instance:com.sdetadda.allure.RestAssuredTestCases@4d722ac9]" started-at="2024-05-18T10:37:54 AEST" name="testGetHeadingWithAnchorAndIdSpecialCharactersUrlAndZeroId" finished-at="2024-05-18T10:37:54 AEST" duration-ms="45" status="PASS">
          <reporter-output>
          </reporter-output>
        </test-method> <!-- testGetHeadingWithAnchorAndIdSpecialCharactersUrlAndZeroId -->
        <test-method signature="testGetHeadingWithAnchorAndIdZeroId()[pri:0, instance:com.sdetadda.allure.RestAssuredTestCases@4d722ac9]" started-at="2024-05-18T10:37:54 AEST" name="testGetHeadingWithAnchorAndIdZeroId" finished-at="2024-05-18T10:37:54 AEST" duration-ms="46" status="PASS">
          <reporter-output>
          </reporter-output>
        </test-method> <!-- testGetHeadingWithAnchorAndIdZeroId -->
        <test-method signature="testGetHeadingWithAnchorEmptyAnchorText()[pri:0, instance:com.sdetadda.allure.RestAssuredTestCases@4d722ac9]" started-at="2024-05-18T10:37:54 AEST" name="testGetHeadingWithAnchorEmptyAnchorText" finished-at="2024-05-18T10:37:54 AEST" duration-ms="50" status="PASS">
          <reporter-output>
          </reporter-output>
        </test-method> <!-- testGetHeadingWithAnchorEmptyAnchorText -->
        <test-method signature="testGetHeadingWithAnchorEmptyAnchorUrl()[pri:0, instance:com.sdetadda.allure.RestAssuredTestCases@4d722ac9]" started-at="2024-05-18T10:37:54 AEST" name="testGetHeadingWithAnchorEmptyAnchorUrl" finished-at="2024-05-18T10:37:54 AEST" duration-ms="51" status="PASS">
          <reporter-output>
          </reporter-output>
        </test-method> <!-- testGetHeadingWithAnchorEmptyAnchorUrl -->
        <test-method signature="testGetHeadingWithAnchorEmptyHeading()[pri:0, instance:com.sdetadda.allure.RestAssuredTestCases@4d722ac9]" started-at="2024-05-18T10:37:54 AEST" name="testGetHeadingWithAnchorEmptyHeading" finished-at="2024-05-18T10:37:54 AEST" duration-ms="37" status="PASS">
          <reporter-output>
          </reporter-output>
        </test-method> <!-- testGetHeadingWithAnchorEmptyHeading -->
        <test-method signature="testGetHeadingWithAnchorEmptyHeadingAndAnchorText()[pri:0, instance:com.sdetadda.allure.RestAssuredTestCases@4d722ac9]" started-at="2024-05-18T10:37:54 AEST" name="testGetHeadingWithAnchorEmptyHeadingAndAnchorText" finished-at="2024-05-18T10:37:54 AEST" duration-ms="39" status="PASS">
          <reporter-output>
          </reporter-output>
        </test-method> <!-- testGetHeadingWithAnchorEmptyHeadingAndAnchorText -->
        <test-method signature="testGetHeadingWithAnchorEmptyHeadingAndAnchorTextAndAnchorUrl()[pri:0, instance:com.sdetadda.allure.RestAssuredTestCases@4d722ac9]" started-at="2024-05-18T10:37:54 AEST" name="testGetHeadingWithAnchorEmptyHeadingAndAnchorTextAndAnchorUrl" finished-at="2024-05-18T10:37:54 AEST" duration-ms="49" status="PASS">
          <reporter-output>
          </reporter-output>
        </test-method> <!-- testGetHeadingWithAnchorEmptyHeadingAndAnchorTextAndAnchorUrl -->
        <test-method signature="testGetHeadingWithAnchorLongAnchorText()[pri:0, instance:com.sdetadda.allure.RestAssuredTestCases@4d722ac9]" started-at="2024-05-18T10:37:54 AEST" name="testGetHeadingWithAnchorLongAnchorText" finished-at="2024-05-18T10:37:55 AEST" duration-ms="205" status="PASS">
          <reporter-output>
          </reporter-output>
        </test-method> <!-- testGetHeadingWithAnchorLongAnchorText -->
        <test-method signature="testGetHeadingWithAnchorLongAnchorUrl()[pri:0, instance:com.sdetadda.allure.RestAssuredTestCases@4d722ac9]" started-at="2024-05-18T10:37:55 AEST" name="testGetHeadingWithAnchorLongAnchorUrl" finished-at="2024-05-18T10:37:55 AEST" duration-ms="73" status="PASS">
          <reporter-output>
          </reporter-output>
        </test-method> <!-- testGetHeadingWithAnchorLongAnchorUrl -->
        <test-method signature="testGetHeadingWithAnchorLongHeading()[pri:0, instance:com.sdetadda.allure.RestAssuredTestCases@4d722ac9]" started-at="2024-05-18T10:37:55 AEST" name="testGetHeadingWithAnchorLongHeading" finished-at="2024-05-18T10:37:55 AEST" duration-ms="46" status="PASS">
          <reporter-output>
          </reporter-output>
        </test-method> <!-- testGetHeadingWithAnchorLongHeading -->
        <test-method signature="testGetHeadingWithAnchorLongHeadingAndAnchorText()[pri:0, instance:com.sdetadda.allure.RestAssuredTestCases@4d722ac9]" started-at="2024-05-18T10:37:55 AEST" name="testGetHeadingWithAnchorLongHeadingAndAnchorText" finished-at="2024-05-18T10:37:55 AEST" duration-ms="71" status="PASS">
          <reporter-output>
          </reporter-output>
        </test-method> <!-- testGetHeadingWithAnchorLongHeadingAndAnchorText -->
        <test-method signature="testGetHeadingWithAnchorLongHeadingAndAnchorTextAndAnchorUrl()[pri:0, instance:com.sdetadda.allure.RestAssuredTestCases@4d722ac9]" started-at="2024-05-18T10:37:55 AEST" name="testGetHeadingWithAnchorLongHeadingAndAnchorTextAndAnchorUrl" finished-at="2024-05-18T10:37:55 AEST" duration-ms="143" status="PASS">
          <reporter-output>
          </reporter-output>
        </test-method> <!-- testGetHeadingWithAnchorLongHeadingAndAnchorTextAndAnchorUrl -->
        <test-method signature="testGetHeadingWithAnchorNullAnchorText()[pri:0, instance:com.sdetadda.allure.RestAssuredTestCases@4d722ac9]" started-at="2024-05-18T10:37:55 AEST" name="testGetHeadingWithAnchorNullAnchorText" finished-at="2024-05-18T10:37:55 AEST" duration-ms="49" status="PASS">
          <reporter-output>
          </reporter-output>
        </test-method> <!-- testGetHeadingWithAnchorNullAnchorText -->
        <test-method signature="testGetHeadingWithAnchorNullAnchorUrl()[pri:0, instance:com.sdetadda.allure.RestAssuredTestCases@4d722ac9]" started-at="2024-05-18T10:37:55 AEST" name="testGetHeadingWithAnchorNullAnchorUrl" finished-at="2024-05-18T10:37:55 AEST" duration-ms="49" status="PASS">
          <reporter-output>
          </reporter-output>
        </test-method> <!-- testGetHeadingWithAnchorNullAnchorUrl -->
        <test-method signature="testGetHeadingWithAnchorNullHeading()[pri:0, instance:com.sdetadda.allure.RestAssuredTestCases@4d722ac9]" started-at="2024-05-18T10:37:55 AEST" name="testGetHeadingWithAnchorNullHeading" finished-at="2024-05-18T10:37:55 AEST" duration-ms="69" status="PASS">
          <reporter-output>
          </reporter-output>
        </test-method> <!-- testGetHeadingWithAnchorNullHeading -->
        <test-method signature="testGetHeadingWithAnchorNullHeadingAndAnchorText()[pri:0, instance:com.sdetadda.allure.RestAssuredTestCases@4d722ac9]" started-at="2024-05-18T10:37:55 AEST" name="testGetHeadingWithAnchorNullHeadingAndAnchorText" finished-at="2024-05-18T10:37:55 AEST" duration-ms="95" status="PASS">
          <reporter-output>
          </reporter-output>
        </test-method> <!-- testGetHeadingWithAnchorNullHeadingAndAnchorText -->
        <test-method signature="testGetHeadingWithAnchorNullHeadingAndAnchorTextAndAnchorUrl()[pri:0, instance:com.sdetadda.allure.RestAssuredTestCases@4d722ac9]" started-at="2024-05-18T10:37:55 AEST" name="testGetHeadingWithAnchorNullHeadingAndAnchorTextAndAnchorUrl" finished-at="2024-05-18T10:37:55 AEST" duration-ms="47" status="PASS">
          <reporter-output>
          </reporter-output>
        </test-method> <!-- testGetHeadingWithAnchorNullHeadingAndAnchorTextAndAnchorUrl -->
        <test-method signature="testGetHeadingWithAnchorSpecialCharactersAnchorText()[pri:0, instance:com.sdetadda.allure.RestAssuredTestCases@4d722ac9]" started-at="2024-05-18T10:37:55 AEST" name="testGetHeadingWithAnchorSpecialCharactersAnchorText" finished-at="2024-05-18T10:37:55 AEST" duration-ms="42" status="PASS">
          <reporter-output>
          </reporter-output>
        </test-method> <!-- testGetHeadingWithAnchorSpecialCharactersAnchorText -->
        <test-method signature="testGetHeadingWithAnchorSpecialCharactersAnchorUrl()[pri:0, instance:com.sdetadda.allure.RestAssuredTestCases@4d722ac9]" started-at="2024-05-18T10:37:55 AEST" name="testGetHeadingWithAnchorSpecialCharactersAnchorUrl" finished-at="2024-05-18T10:37:55 AEST" duration-ms="115" status="PASS">
          <reporter-output>
          </reporter-output>
        </test-method> <!-- testGetHeadingWithAnchorSpecialCharactersAnchorUrl -->
        <test-method signature="testGetHeadingWithAnchorSpecialCharactersHeading()[pri:0, instance:com.sdetadda.allure.RestAssuredTestCases@4d722ac9]" started-at="2024-05-18T10:37:55 AEST" name="testGetHeadingWithAnchorSpecialCharactersHeading" finished-at="2024-05-18T10:37:56 AEST" duration-ms="51" status="PASS">
          <reporter-output>
          </reporter-output>
        </test-method> <!-- testGetHeadingWithAnchorSpecialCharactersHeading -->
        <test-method signature="testGetHeadingWithAnchorSpecialCharactersHeadingAndAnchorText()[pri:0, instance:com.sdetadda.allure.RestAssuredTestCases@4d722ac9]" started-at="2024-05-18T10:37:56 AEST" name="testGetHeadingWithAnchorSpecialCharactersHeadingAndAnchorText" finished-at="2024-05-18T10:37:56 AEST" duration-ms="52" status="PASS">
          <reporter-output>
          </reporter-output>
        </test-method> <!-- testGetHeadingWithAnchorSpecialCharactersHeadingAndAnchorText -->
        <test-method signature="testGetHeadingWithAnchorSpecialCharactersHeadingAndAnchorTextAndAnchorUrl()[pri:0, instance:com.sdetadda.allure.RestAssuredTestCases@4d722ac9]" started-at="2024-05-18T10:37:56 AEST" name="testGetHeadingWithAnchorSpecialCharactersHeadingAndAnchorTextAndAnchorUrl" finished-at="2024-05-18T10:37:56 AEST" duration-ms="60" status="PASS">
          <reporter-output>
          </reporter-output>
        </test-method> <!-- testGetHeadingWithAnchorSpecialCharactersHeadingAndAnchorTextAndAnchorUrl -->
        <test-method signature="testGetHeadingWithParagraphAndIdEmptyHeading()[pri:0, instance:com.sdetadda.allure.RestAssuredTestCases@4d722ac9]" started-at="2024-05-18T10:37:56 AEST" name="testGetHeadingWithParagraphAndIdEmptyHeading" finished-at="2024-05-18T10:37:56 AEST" duration-ms="69" status="PASS">
          <reporter-output>
          </reporter-output>
        </test-method> <!-- testGetHeadingWithParagraphAndIdEmptyHeading -->
        <test-method signature="testGetHeadingWithParagraphAndIdEmptyHeadingAndParagraph()[pri:0, instance:com.sdetadda.allure.RestAssuredTestCases@4d722ac9]" started-at="2024-05-18T10:37:56 AEST" name="testGetHeadingWithParagraphAndIdEmptyHeadingAndParagraph" finished-at="2024-05-18T10:37:56 AEST" duration-ms="66" status="PASS">
          <reporter-output>
          </reporter-output>
        </test-method> <!-- testGetHeadingWithParagraphAndIdEmptyHeadingAndParagraph -->
        <test-method signature="testGetHeadingWithParagraphAndIdEmptyParagraph()[pri:0, instance:com.sdetadda.allure.RestAssuredTestCases@4d722ac9]" started-at="2024-05-18T10:37:56 AEST" name="testGetHeadingWithParagraphAndIdEmptyParagraph" finished-at="2024-05-18T10:37:56 AEST" duration-ms="64" status="PASS">
          <reporter-output>
          </reporter-output>
        </test-method> <!-- testGetHeadingWithParagraphAndIdEmptyParagraph -->
        <test-method signature="testGetHeadingWithParagraphAndIdLongHeading()[pri:0, instance:com.sdetadda.allure.RestAssuredTestCases@4d722ac9]" started-at="2024-05-18T10:37:56 AEST" name="testGetHeadingWithParagraphAndIdLongHeading" finished-at="2024-05-18T10:37:56 AEST" duration-ms="33" status="PASS">
          <reporter-output>
          </reporter-output>
        </test-method> <!-- testGetHeadingWithParagraphAndIdLongHeading -->
        <test-method signature="testGetHeadingWithParagraphAndIdLongHeadingEmptyParagraph()[pri:0, instance:com.sdetadda.allure.RestAssuredTestCases@4d722ac9]" started-at="2024-05-18T10:37:56 AEST" name="testGetHeadingWithParagraphAndIdLongHeadingEmptyParagraph" finished-at="2024-05-18T10:37:56 AEST" duration-ms="41" status="PASS">
          <reporter-output>
          </reporter-output>
        </test-method> <!-- testGetHeadingWithParagraphAndIdLongHeadingEmptyParagraph -->
        <test-method signature="testGetHeadingWithParagraphAndIdLongHeadingNullParagraph()[pri:0, instance:com.sdetadda.allure.RestAssuredTestCases@4d722ac9]" started-at="2024-05-18T10:37:56 AEST" name="testGetHeadingWithParagraphAndIdLongHeadingNullParagraph" finished-at="2024-05-18T10:37:56 AEST" duration-ms="42" status="PASS">
          <reporter-output>
          </reporter-output>
        </test-method> <!-- testGetHeadingWithParagraphAndIdLongHeadingNullParagraph -->
        <test-method signature="testGetHeadingWithParagraphAndIdNullHeading()[pri:0, instance:com.sdetadda.allure.RestAssuredTestCases@4d722ac9]" started-at="2024-05-18T10:37:56 AEST" name="testGetHeadingWithParagraphAndIdNullHeading" finished-at="2024-05-18T10:37:56 AEST" duration-ms="64" status="PASS">
          <reporter-output>
          </reporter-output>
        </test-method> <!-- testGetHeadingWithParagraphAndIdNullHeading -->
        <test-method signature="testGetHeadingWithParagraphAndIdNullHeadingAndParagraph()[pri:0, instance:com.sdetadda.allure.RestAssuredTestCases@4d722ac9]" started-at="2024-05-18T10:37:56 AEST" name="testGetHeadingWithParagraphAndIdNullHeadingAndParagraph" finished-at="2024-05-18T10:37:56 AEST" duration-ms="52" status="PASS">
          <reporter-output>
          </reporter-output>
        </test-method> <!-- testGetHeadingWithParagraphAndIdNullHeadingAndParagraph -->
        <test-method signature="testGetHeadingWithParagraphAndIdNullId()[pri:0, instance:com.sdetadda.allure.RestAssuredTestCases@4d722ac9]" started-at="2024-05-18T10:37:56 AEST" name="testGetHeadingWithParagraphAndIdNullId" finished-at="2024-05-18T10:37:56 AEST" duration-ms="111" status="FAIL">
          <exception class="java.lang.AssertionError">
            <message>
              <![CDATA[1 expectation failed.
JSON path content doesn't match.
Expected: <html><head><title>Heading with Paragraph and Id</title></head><body><h1>Riley Boehm</h1><p></p><p>Id: </p></body></html>
  Actual: null
]]>
            </message>
            <full-stacktrace>
              <![CDATA[java.lang.AssertionError: 1 expectation failed.
JSON path content doesn't match.
Expected: <html><head><title>Heading with Paragraph and Id</title></head><body><h1>Riley Boehm</h1><p></p><p>Id: </p></body></html>
  Actual: null

at java.base/jdk.internal.reflect.NativeConstructorAccessorImpl.newInstance0(Native Method)
at java.base/jdk.internal.reflect.NativeConstructorAccessorImpl.newInstance(NativeConstructorAccessorImpl.java:77)
at java.base/jdk.internal.reflect.DelegatingConstructorAccessorImpl.newInstance(DelegatingConstructorAccessorImpl.java:45)
at java.base/java.lang.reflect.Constructor.newInstanceWithCaller(Constructor.java:499)
at java.base/java.lang.reflect.Constructor.newInstance(Constructor.java:480)
at org.codehaus.groovy.reflection.CachedConstructor.invoke(CachedConstructor.java:73)
at org.codehaus.groovy.runtime.callsite.ConstructorSite$ConstructorSiteNoUnwrapNoCoerce.callConstructor(ConstructorSite.java:108)
at org.codehaus.groovy.runtime.callsite.CallSiteArray.defaultCallConstructor(CallSiteArray.java:57)
at org.codehaus.groovy.runtime.callsite.AbstractCallSite.callConstructor(AbstractCallSite.java:263)
at org.codehaus.groovy.runtime.callsite.AbstractCallSite.callConstructor(AbstractCallSite.java:277)
at io.restassured.internal.ResponseSpecificationImpl$HamcrestAssertionClosure.validate(ResponseSpecificationImpl.groovy:512)
at io.restassured.internal.ResponseSpecificationImpl$HamcrestAssertionClosure$validate$1.call(Unknown Source)
at io.restassured.internal.ResponseSpecificationImpl.validateResponseIfRequired(ResponseSpecificationImpl.groovy:696)
at io.restassured.internal.ResponseSpecificationImpl.this$2$validateResponseIfRequired(ResponseSpecificationImpl.groovy)
at jdk.internal.reflect.GeneratedMethodAccessor118.invoke(Unknown Source)
at java.base/jdk.internal.reflect.DelegatingMethodAccessorImpl.invoke(DelegatingMethodAccessorImpl.java:43)
at java.base/java.lang.reflect.Method.invoke(Method.java:568)
at org.codehaus.groovy.runtime.callsite.PlainObjectMetaMethodSite.doInvoke(PlainObjectMetaMethodSite.java:43)
at org.codehaus.groovy.runtime.callsite.PogoMetaMethodSite$PogoCachedMethodSiteNoUnwrapNoCoerce.invoke(PogoMetaMethodSite.java:198)
at org.codehaus.groovy.runtime.callsite.PogoMetaMethodSite.callCurrent(PogoMetaMethodSite.java:62)
at org.codehaus.groovy.runtime.callsite.AbstractCallSite.callCurrent(AbstractCallSite.java:185)
at io.restassured.internal.ResponseSpecificationImpl.body(ResponseSpecificationImpl.groovy:270)
at io.restassured.specification.ResponseSpecification$body$0.callCurrent(Unknown Source)
at io.restassured.internal.ResponseSpecificationImpl.body(ResponseSpecificationImpl.groovy:117)
at io.restassured.internal.ValidatableResponseOptionsImpl.body(ValidatableResponseOptionsImpl.java:244)
at com.sdetadda.allure.RestAssuredTestCases.testGetHeadingWithParagraphAndIdNullId(RestAssuredTestCases.java:1873)
at java.base/jdk.internal.reflect.NativeMethodAccessorImpl.invoke0(Native Method)
at java.base/jdk.internal.reflect.NativeMethodAccessorImpl.invoke(NativeMethodAccessorImpl.java:77)
at java.base/jdk.internal.reflect.DelegatingMethodAccessorImpl.invoke(DelegatingMethodAccessorImpl.java:43)
at java.base/java.lang.reflect.Method.invoke(Method.java:568)
at org.testng.internal.invokers.MethodInvocationHelper.invokeMethod(MethodInvocationHelper.java:139)
at org.testng.internal.invokers.TestInvoker.invokeMethod(TestInvoker.java:664)
at org.testng.internal.invokers.TestInvoker.invokeTestMethod(TestInvoker.java:228)
at org.testng.internal.invokers.MethodRunner.runInSequence(MethodRunner.java:63)
at org.testng.internal.invokers.TestInvoker$MethodInvocationAgent.invoke(TestInvoker.java:961)
at org.testng.internal.invokers.TestInvoker.invokeTestMethods(TestInvoker.java:201)
at org.testng.internal.invokers.TestMethodWorker.invokeTestMethods(TestMethodWorker.java:148)
at org.testng.internal.invokers.TestMethodWorker.run(TestMethodWorker.java:128)
at java.base/java.util.ArrayList.forEach(ArrayList.java:1511)
at org.testng.TestRunner.privateRun(TestRunner.java:819)
at org.testng.TestRunner.run(TestRunner.java:619)
at org.testng.SuiteRunner.runTest(SuiteRunner.java:443)
at org.testng.SuiteRunner.runSequentially(SuiteRunner.java:437)
at org.testng.SuiteRunner.privateRun(SuiteRunner.java:397)
at org.testng.SuiteRunner.run(SuiteRunner.java:336)
at org.testng.SuiteRunnerWorker.runSuite(SuiteRunnerWorker.java:52)
at org.testng.SuiteRunnerWorker.run(SuiteRunnerWorker.java:95)
at org.testng.TestNG.runSuitesSequentially(TestNG.java:1301)
at org.testng.TestNG.runSuitesLocally(TestNG.java:1228)
at org.testng.TestNG.runSuites(TestNG.java:1134)
at org.testng.TestNG.run(TestNG.java:1101)
at org.testng.remote.AbstractRemoteTestNG.run(AbstractRemoteTestNG.java:115)
at org.testng.remote.RemoteTestNG.initAndRun(RemoteTestNG.java:293)
at org.testng.remote.RemoteTestNG.main(RemoteTestNG.java:91)
]]>
            </full-stacktrace>
          </exception> <!-- java.lang.AssertionError -->
          <reporter-output>
          </reporter-output>
        </test-method> <!-- testGetHeadingWithParagraphAndIdNullId -->
        <test-method signature="testGetHeadingWithParagraphAndIdNullParagraph()[pri:0, instance:com.sdetadda.allure.RestAssuredTestCases@4d722ac9]" started-at="2024-05-18T10:37:56 AEST" name="testGetHeadingWithParagraphAndIdNullParagraph" finished-at="2024-05-18T10:37:56 AEST" duration-ms="92" status="PASS">
          <reporter-output>
          </reporter-output>
        </test-method> <!-- testGetHeadingWithParagraphAndIdNullParagraph -->
        <test-method signature="testGetHeadingWithParagraphAndIdSpecialCharactersHeadingAndParagraphParameter()[pri:0, instance:com.sdetadda.allure.RestAssuredTestCases@4d722ac9]" started-at="2024-05-18T10:37:56 AEST" name="testGetHeadingWithParagraphAndIdSpecialCharactersHeadingAndParagraphParameter" finished-at="2024-05-18T10:37:56 AEST" duration-ms="79" status="PASS">
          <reporter-output>
          </reporter-output>
        </test-method> <!-- testGetHeadingWithParagraphAndIdSpecialCharactersHeadingAndParagraphParameter -->
        <test-method signature="testGetHeadingWithParagraphAndIdSpecialCharactersHeadingParameter()[pri:0, instance:com.sdetadda.allure.RestAssuredTestCases@4d722ac9]" started-at="2024-05-18T10:37:57 AEST" name="testGetHeadingWithParagraphAndIdSpecialCharactersHeadingParameter" finished-at="2024-05-18T10:37:57 AEST" duration-ms="81" status="PASS">
          <reporter-output>
          </reporter-output>
        </test-method> <!-- testGetHeadingWithParagraphAndIdSpecialCharactersHeadingParameter -->
        <test-method signature="testGetHeadingWithParagraphAndIdSpecialCharactersParagraphParameter()[pri:0, instance:com.sdetadda.allure.RestAssuredTestCases@4d722ac9]" started-at="2024-05-18T10:37:57 AEST" name="testGetHeadingWithParagraphAndIdSpecialCharactersParagraphParameter" finished-at="2024-05-18T10:37:57 AEST" duration-ms="54" status="PASS">
          <reporter-output>
          </reporter-output>
        </test-method> <!-- testGetHeadingWithParagraphAndIdSpecialCharactersParagraphParameter -->
        <test-method signature="testGetHeadingWithParagraphAndIdZeroId()[pri:0, instance:com.sdetadda.allure.RestAssuredTestCases@4d722ac9]" started-at="2024-05-18T10:37:57 AEST" name="testGetHeadingWithParagraphAndIdZeroId" finished-at="2024-05-18T10:37:57 AEST" duration-ms="43" status="PASS">
          <reporter-output>
          </reporter-output>
        </test-method> <!-- testGetHeadingWithParagraphAndIdZeroId -->
        <test-method signature="testGetHeadingWithParagraphAndIdZeroIdEmptyHeading()[pri:0, instance:com.sdetadda.allure.RestAssuredTestCases@4d722ac9]" started-at="2024-05-18T10:37:57 AEST" name="testGetHeadingWithParagraphAndIdZeroIdEmptyHeading" finished-at="2024-05-18T10:37:57 AEST" duration-ms="42" status="PASS">
          <reporter-output>
          </reporter-output>
        </test-method> <!-- testGetHeadingWithParagraphAndIdZeroIdEmptyHeading -->
        <test-method signature="testGetHeadingWithParagraphAndIdZeroIdEmptyParagraph()[pri:0, instance:com.sdetadda.allure.RestAssuredTestCases@4d722ac9]" started-at="2024-05-18T10:37:57 AEST" name="testGetHeadingWithParagraphAndIdZeroIdEmptyParagraph" finished-at="2024-05-18T10:37:57 AEST" duration-ms="52" status="PASS">
          <reporter-output>
          </reporter-output>
        </test-method> <!-- testGetHeadingWithParagraphAndIdZeroIdEmptyParagraph -->
        <test-method signature="testGetHeadingWithParagraphAndIdZeroIdNullHeading()[pri:0, instance:com.sdetadda.allure.RestAssuredTestCases@4d722ac9]" started-at="2024-05-18T10:37:57 AEST" name="testGetHeadingWithParagraphAndIdZeroIdNullHeading" finished-at="2024-05-18T10:37:57 AEST" duration-ms="47" status="PASS">
          <reporter-output>
          </reporter-output>
        </test-method> <!-- testGetHeadingWithParagraphAndIdZeroIdNullHeading -->
        <test-method signature="testGetHeadingWithParagraphAndIdZeroIdNullParagraph()[pri:0, instance:com.sdetadda.allure.RestAssuredTestCases@4d722ac9]" started-at="2024-05-18T10:37:57 AEST" name="testGetHeadingWithParagraphAndIdZeroIdNullParagraph" finished-at="2024-05-18T10:37:57 AEST" duration-ms="51" status="PASS">
          <reporter-output>
          </reporter-output>
        </test-method> <!-- testGetHeadingWithParagraphAndIdZeroIdNullParagraph -->
        <test-method signature="testGetHeadingWithParagraphWithEmptyHeadingNullParagraphParameters()[pri:0, instance:com.sdetadda.allure.RestAssuredTestCases@4d722ac9]" started-at="2024-05-18T10:37:57 AEST" name="testGetHeadingWithParagraphWithEmptyHeadingNullParagraphParameters" finished-at="2024-05-18T10:37:57 AEST" duration-ms="49" status="PASS">
          <reporter-output>
          </reporter-output>
        </test-method> <!-- testGetHeadingWithParagraphWithEmptyHeadingNullParagraphParameters -->
        <test-method signature="testGetHeadingWithParagraphWithInvalidHeadingAndParagraphParameters()[pri:0, instance:com.sdetadda.allure.RestAssuredTestCases@4d722ac9]" started-at="2024-05-18T10:37:57 AEST" name="testGetHeadingWithParagraphWithInvalidHeadingAndParagraphParameters" finished-at="2024-05-18T10:37:57 AEST" duration-ms="30" status="PASS">
          <reporter-output>
          </reporter-output>
        </test-method> <!-- testGetHeadingWithParagraphWithInvalidHeadingAndParagraphParameters -->
        <test-method signature="testGetHeadingWithParagraphWithInvalidHeadingParameters()[pri:0, instance:com.sdetadda.allure.RestAssuredTestCases@4d722ac9]" started-at="2024-05-18T10:37:57 AEST" name="testGetHeadingWithParagraphWithInvalidHeadingParameters" finished-at="2024-05-18T10:37:57 AEST" duration-ms="43" status="PASS">
          <reporter-output>
          </reporter-output>
        </test-method> <!-- testGetHeadingWithParagraphWithInvalidHeadingParameters -->
        <test-method signature="testGetHeadingWithParagraphWithInvalidParagraphParameters()[pri:0, instance:com.sdetadda.allure.RestAssuredTestCases@4d722ac9]" started-at="2024-05-18T10:37:57 AEST" name="testGetHeadingWithParagraphWithInvalidParagraphParameters" finished-at="2024-05-18T10:37:57 AEST" duration-ms="53" status="PASS">
          <reporter-output>
          </reporter-output>
        </test-method> <!-- testGetHeadingWithParagraphWithInvalidParagraphParameters -->
        <test-method signature="testGetHeadingWithParagraphWithLongHeadingAndParagraphParameters()[pri:0, instance:com.sdetadda.allure.RestAssuredTestCases@4d722ac9]" started-at="2024-05-18T10:37:57 AEST" name="testGetHeadingWithParagraphWithLongHeadingAndParagraphParameters" finished-at="2024-05-18T10:37:57 AEST" duration-ms="97" status="PASS">
          <reporter-output>
          </reporter-output>
        </test-method> <!-- testGetHeadingWithParagraphWithLongHeadingAndParagraphParameters -->
        <test-method signature="testGetHeadingWithParagraphWithLongHeadingNullParagraphParameters()[pri:0, instance:com.sdetadda.allure.RestAssuredTestCases@4d722ac9]" started-at="2024-05-18T10:37:57 AEST" name="testGetHeadingWithParagraphWithLongHeadingNullParagraphParameters" finished-at="2024-05-18T10:37:57 AEST" duration-ms="110" status="PASS">
          <reporter-output>
          </reporter-output>
        </test-method> <!-- testGetHeadingWithParagraphWithLongHeadingNullParagraphParameters -->
        <test-method signature="testGetHeadingWithParagraphWithLongHeadingParameters()[pri:0, instance:com.sdetadda.allure.RestAssuredTestCases@4d722ac9]" started-at="2024-05-18T10:37:57 AEST" name="testGetHeadingWithParagraphWithLongHeadingParameters" finished-at="2024-05-18T10:37:57 AEST" duration-ms="55" status="PASS">
          <reporter-output>
          </reporter-output>
        </test-method> <!-- testGetHeadingWithParagraphWithLongHeadingParameters -->
        <test-method signature="testGetHeadingWithParagraphWithMissingParameters()[pri:0, instance:com.sdetadda.allure.RestAssuredTestCases@4d722ac9]" started-at="2024-05-18T10:37:58 AEST" name="testGetHeadingWithParagraphWithMissingParameters" finished-at="2024-05-18T10:37:58 AEST" duration-ms="41" status="PASS">
          <reporter-output>
          </reporter-output>
        </test-method> <!-- testGetHeadingWithParagraphWithMissingParameters -->
        <test-method signature="testGetHeadingWithParagraphWithNullHeadingEmptyParagraphParameters()[pri:0, instance:com.sdetadda.allure.RestAssuredTestCases@4d722ac9]" started-at="2024-05-18T10:37:58 AEST" name="testGetHeadingWithParagraphWithNullHeadingEmptyParagraphParameters" finished-at="2024-05-18T10:37:58 AEST" duration-ms="41" status="PASS">
          <reporter-output>
          </reporter-output>
        </test-method> <!-- testGetHeadingWithParagraphWithNullHeadingEmptyParagraphParameters -->
        <test-method signature="testGetHeadingWithParagraphWithNullHeadingParameters()[pri:0, instance:com.sdetadda.allure.RestAssuredTestCases@4d722ac9]" started-at="2024-05-18T10:37:58 AEST" name="testGetHeadingWithParagraphWithNullHeadingParameters" finished-at="2024-05-18T10:37:58 AEST" duration-ms="72" status="PASS">
          <reporter-output>
          </reporter-output>
        </test-method> <!-- testGetHeadingWithParagraphWithNullHeadingParameters -->
        <test-method signature="testGetHeadingWithParagraphWithNullParagraphParameters()[pri:0, instance:com.sdetadda.allure.RestAssuredTestCases@4d722ac9]" started-at="2024-05-18T10:37:58 AEST" name="testGetHeadingWithParagraphWithNullParagraphParameters" finished-at="2024-05-18T10:37:58 AEST" duration-ms="52" status="PASS">
          <reporter-output>
          </reporter-output>
        </test-method> <!-- testGetHeadingWithParagraphWithNullParagraphParameters -->
        <test-method signature="testGetHeadingWithParagraphWithNullParameters()[pri:0, instance:com.sdetadda.allure.RestAssuredTestCases@4d722ac9]" started-at="2024-05-18T10:37:58 AEST" name="testGetHeadingWithParagraphWithNullParameters" finished-at="2024-05-18T10:37:58 AEST" duration-ms="72" status="PASS">
          <reporter-output>
          </reporter-output>
        </test-method> <!-- testGetHeadingWithParagraphWithNullParameters -->
        <test-method signature="testGetHeadingWithParagraphsWithSpecialCharactersHeadingAndParagraphParameter()[pri:0, instance:com.sdetadda.allure.RestAssuredTestCases@4d722ac9]" started-at="2024-05-18T10:37:58 AEST" name="testGetHeadingWithParagraphsWithSpecialCharactersHeadingAndParagraphParameter" finished-at="2024-05-18T10:37:58 AEST" duration-ms="38" status="PASS">
          <reporter-output>
          </reporter-output>
        </test-method> <!-- testGetHeadingWithParagraphsWithSpecialCharactersHeadingAndParagraphParameter -->
        <test-method signature="testGetHeadingWithParagraphsWithSpecialCharactersHeadingParameter()[pri:0, instance:com.sdetadda.allure.RestAssuredTestCases@4d722ac9]" started-at="2024-05-18T10:37:58 AEST" name="testGetHeadingWithParagraphsWithSpecialCharactersHeadingParameter" finished-at="2024-05-18T10:37:58 AEST" duration-ms="35" status="PASS">
          <reporter-output>
          </reporter-output>
        </test-method> <!-- testGetHeadingWithParagraphsWithSpecialCharactersHeadingParameter -->
        <test-method signature="testGetHeadingWithParagraphsWithSpecialCharactersParagraphParameter()[pri:0, instance:com.sdetadda.allure.RestAssuredTestCases@4d722ac9]" started-at="2024-05-18T10:37:58 AEST" name="testGetHeadingWithParagraphsWithSpecialCharactersParagraphParameter" finished-at="2024-05-18T10:37:58 AEST" duration-ms="43" status="PASS">
          <reporter-output>
          </reporter-output>
        </test-method> <!-- testGetHeadingWithParagraphsWithSpecialCharactersParagraphParameter -->
        <test-method signature="test_01()[pri:0, instance:com.sdetadda.allure.RestAssuredTestCases@4d722ac9]" started-at="2024-05-18T10:37:58 AEST" name="test_01" finished-at="2024-05-18T10:37:58 AEST" duration-ms="409" status="PASS">
          <reporter-output>
          </reporter-output>
        </test-method> <!-- test_01 -->
        <test-method signature="test_02()[pri:0, instance:com.sdetadda.allure.RestAssuredTestCases@4d722ac9]" started-at="2024-05-18T10:37:58 AEST" name="test_02" finished-at="2024-05-18T10:37:59 AEST" duration-ms="573" status="PASS">
          <reporter-output>
          </reporter-output>
        </test-method> <!-- test_02 -->
        <test-method signature="test_03()[pri:0, instance:com.sdetadda.allure.RestAssuredTestCases@4d722ac9]" started-at="2024-05-18T10:37:59 AEST" name="test_03" finished-at="2024-05-18T10:37:59 AEST" duration-ms="101" status="PASS">
          <reporter-output>
          </reporter-output>
        </test-method> <!-- test_03 -->
        <test-method signature="test_04()[pri:0, instance:com.sdetadda.allure.RestAssuredTestCases@4d722ac9]" started-at="2024-05-18T10:37:59 AEST" name="test_04" finished-at="2024-05-18T10:37:59 AEST" duration-ms="62" status="PASS">
          <reporter-output>
          </reporter-output>
        </test-method> <!-- test_04 -->
        <test-method signature="test_05()[pri:0, instance:com.sdetadda.allure.RestAssuredTestCases@4d722ac9]" started-at="2024-05-18T10:37:59 AEST" name="test_05" finished-at="2024-05-18T10:37:59 AEST" duration-ms="56" status="PASS">
          <reporter-output>
          </reporter-output>
        </test-method> <!-- test_05 -->
        <test-method signature="test_06()[pri:0, instance:com.sdetadda.allure.RestAssuredTestCases@4d722ac9]" started-at="2024-05-18T10:37:59 AEST" name="test_06" finished-at="2024-05-18T10:37:59 AEST" duration-ms="63" status="PASS">
          <reporter-output>
          </reporter-output>
        </test-method> <!-- test_06 -->
        <test-method signature="test_07()[pri:0, instance:com.sdetadda.allure.RestAssuredTestCases@4d722ac9]" started-at="2024-05-18T10:37:59 AEST" name="test_07" finished-at="2024-05-18T10:37:59 AEST" duration-ms="65" status="PASS">
          <reporter-output>
          </reporter-output>
        </test-method> <!-- test_07 -->
        <test-method signature="test_08()[pri:0, instance:com.sdetadda.allure.RestAssuredTestCases@4d722ac9]" started-at="2024-05-18T10:37:59 AEST" name="test_08" finished-at="2024-05-18T10:37:59 AEST" duration-ms="68" status="PASS">
          <reporter-output>
          </reporter-output>
        </test-method> <!-- test_08 -->
        <test-method signature="test_09()[pri:0, instance:com.sdetadda.allure.RestAssuredTestCases@4d722ac9]" started-at="2024-05-18T10:37:59 AEST" name="test_09" finished-at="2024-05-18T10:38:00 AEST" duration-ms="117" status="PASS">
          <reporter-output>
          </reporter-output>
        </test-method> <!-- test_09 -->
        <test-method signature="test_10()[pri:0, instance:com.sdetadda.allure.RestAssuredTestCases@4d722ac9]" started-at="2024-05-18T10:38:00 AEST" name="test_10" finished-at="2024-05-18T10:38:00 AEST" duration-ms="158" status="FAIL">
          <exception class="java.lang.AssertionError">
            <message>
              <![CDATA[1 expectation failed.
JSON path content doesn't match.
Expected: <html><head id=\"head\" class=\"header-content\"><title>Title</title><link rel=\"stylesheet\" href=\"/css/main.css\"></head><body><input type=\"email\" id=\"email\" name=\"email\" placeholder=\"Enter your email\" value=\"\" required><input type=\"password\" id=\"password\" name=\"password\" placeholder=\"Enter your password\" value=\"password123\" required></body></html>
  Actual: <html><head id=\"head\" class=\"header-content\"><title>Title</title><link rel=\"stylesheet\" href=\"/css/main.css\"></head><body><input type=\"email\" id=\"email\" name=\"email\" placeholder=\"Enter your email\" value=\"\" required><input type=\"password\" id=\"password\" name=\"password\" placeholder=\"Enter your password\" value=\"password123\" required><button>Login</button></body></html>
]]>
            </message>
            <full-stacktrace>
              <![CDATA[java.lang.AssertionError: 1 expectation failed.
JSON path content doesn't match.
Expected: <html><head id=\"head\" class=\"header-content\"><title>Title</title><link rel=\"stylesheet\" href=\"/css/main.css\"></head><body><input type=\"email\" id=\"email\" name=\"email\" placeholder=\"Enter your email\" value=\"\" required><input type=\"password\" id=\"password\" name=\"password\" placeholder=\"Enter your password\" value=\"password123\" required></body></html>
  Actual: <html><head id=\"head\" class=\"header-content\"><title>Title</title><link rel=\"stylesheet\" href=\"/css/main.css\"></head><body><input type=\"email\" id=\"email\" name=\"email\" placeholder=\"Enter your email\" value=\"\" required><input type=\"password\" id=\"password\" name=\"password\" placeholder=\"Enter your password\" value=\"password123\" required><button>Login</button></body></html>

at java.base/jdk.internal.reflect.NativeConstructorAccessorImpl.newInstance0(Native Method)
at java.base/jdk.internal.reflect.NativeConstructorAccessorImpl.newInstance(NativeConstructorAccessorImpl.java:77)
at java.base/jdk.internal.reflect.DelegatingConstructorAccessorImpl.newInstance(DelegatingConstructorAccessorImpl.java:45)
at java.base/java.lang.reflect.Constructor.newInstanceWithCaller(Constructor.java:499)
at java.base/java.lang.reflect.Constructor.newInstance(Constructor.java:480)
at org.codehaus.groovy.reflection.CachedConstructor.invoke(CachedConstructor.java:73)
at org.codehaus.groovy.runtime.callsite.ConstructorSite$ConstructorSiteNoUnwrapNoCoerce.callConstructor(ConstructorSite.java:108)
at org.codehaus.groovy.runtime.callsite.AbstractCallSite.callConstructor(AbstractCallSite.java:277)
at io.restassured.internal.ResponseSpecificationImpl$HamcrestAssertionClosure.validate(ResponseSpecificationImpl.groovy:512)
at io.restassured.internal.ResponseSpecificationImpl$HamcrestAssertionClosure$validate$1.call(Unknown Source)
at io.restassured.internal.ResponseSpecificationImpl.validateResponseIfRequired(ResponseSpecificationImpl.groovy:696)
at io.restassured.internal.ResponseSpecificationImpl.this$2$validateResponseIfRequired(ResponseSpecificationImpl.groovy)
at jdk.internal.reflect.GeneratedMethodAccessor118.invoke(Unknown Source)
at java.base/jdk.internal.reflect.DelegatingMethodAccessorImpl.invoke(DelegatingMethodAccessorImpl.java:43)
at java.base/java.lang.reflect.Method.invoke(Method.java:568)
at org.codehaus.groovy.runtime.callsite.PlainObjectMetaMethodSite.doInvoke(PlainObjectMetaMethodSite.java:43)
at org.codehaus.groovy.runtime.callsite.PogoMetaMethodSite$PogoCachedMethodSiteNoUnwrapNoCoerce.invoke(PogoMetaMethodSite.java:198)
at org.codehaus.groovy.runtime.callsite.PogoMetaMethodSite.callCurrent(PogoMetaMethodSite.java:62)
at org.codehaus.groovy.runtime.callsite.AbstractCallSite.callCurrent(AbstractCallSite.java:185)
at io.restassured.internal.ResponseSpecificationImpl.body(ResponseSpecificationImpl.groovy:270)
at io.restassured.specification.ResponseSpecification$body$0.callCurrent(Unknown Source)
at io.restassured.internal.ResponseSpecificationImpl.body(ResponseSpecificationImpl.groovy:117)
at io.restassured.internal.ValidatableResponseOptionsImpl.body(ValidatableResponseOptionsImpl.java:244)
at com.sdetadda.allure.RestAssuredTestCases.test_10(RestAssuredTestCases.java:92)
at java.base/jdk.internal.reflect.NativeMethodAccessorImpl.invoke0(Native Method)
at java.base/jdk.internal.reflect.NativeMethodAccessorImpl.invoke(NativeMethodAccessorImpl.java:77)
at java.base/jdk.internal.reflect.DelegatingMethodAccessorImpl.invoke(DelegatingMethodAccessorImpl.java:43)
at java.base/java.lang.reflect.Method.invoke(Method.java:568)
at org.testng.internal.invokers.MethodInvocationHelper.invokeMethod(MethodInvocationHelper.java:139)
at org.testng.internal.invokers.TestInvoker.invokeMethod(TestInvoker.java:664)
at org.testng.internal.invokers.TestInvoker.invokeTestMethod(TestInvoker.java:228)
at org.testng.internal.invokers.MethodRunner.runInSequence(MethodRunner.java:63)
at org.testng.internal.invokers.TestInvoker$MethodInvocationAgent.invoke(TestInvoker.java:961)
at org.testng.internal.invokers.TestInvoker.invokeTestMethods(TestInvoker.java:201)
at org.testng.internal.invokers.TestMethodWorker.invokeTestMethods(TestMethodWorker.java:148)
at org.testng.internal.invokers.TestMethodWorker.run(TestMethodWorker.java:128)
at java.base/java.util.ArrayList.forEach(ArrayList.java:1511)
at org.testng.TestRunner.privateRun(TestRunner.java:819)
at org.testng.TestRunner.run(TestRunner.java:619)
at org.testng.SuiteRunner.runTest(SuiteRunner.java:443)
at org.testng.SuiteRunner.runSequentially(SuiteRunner.java:437)
at org.testng.SuiteRunner.privateRun(SuiteRunner.java:397)
at org.testng.SuiteRunner.run(SuiteRunner.java:336)
at org.testng.SuiteRunnerWorker.runSuite(SuiteRunnerWorker.java:52)
at org.testng.SuiteRunnerWorker.run(SuiteRunnerWorker.java:95)
at org.testng.TestNG.runSuitesSequentially(TestNG.java:1301)
at org.testng.TestNG.runSuitesLocally(TestNG.java:1228)
at org.testng.TestNG.runSuites(TestNG.java:1134)
at org.testng.TestNG.run(TestNG.java:1101)
at org.testng.remote.AbstractRemoteTestNG.run(AbstractRemoteTestNG.java:115)
at org.testng.remote.RemoteTestNG.initAndRun(RemoteTestNG.java:293)
at org.testng.remote.RemoteTestNG.main(RemoteTestNG.java:91)
]]>
            </full-stacktrace>
          </exception> <!-- java.lang.AssertionError -->
          <reporter-output>
          </reporter-output>
        </test-method> <!-- test_10 -->
        <test-method signature="test_100()[pri:0, instance:com.sdetadda.allure.RestAssuredTestCases@4d722ac9]" started-at="2024-05-18T10:38:00 AEST" name="test_100" finished-at="2024-05-18T10:38:00 AEST" duration-ms="85" status="PASS">
          <reporter-output>
          </reporter-output>
        </test-method> <!-- test_100 -->
        <test-method signature="test_101()[pri:0, instance:com.sdetadda.allure.RestAssuredTestCases@4d722ac9]" started-at="2024-05-18T10:38:00 AEST" name="test_101" finished-at="2024-05-18T10:38:00 AEST" duration-ms="46" status="PASS">
          <reporter-output>
          </reporter-output>
        </test-method> <!-- test_101 -->
        <test-method signature="test_102()[pri:0, instance:com.sdetadda.allure.RestAssuredTestCases@4d722ac9]" started-at="2024-05-18T10:38:00 AEST" name="test_102" finished-at="2024-05-18T10:38:00 AEST" duration-ms="63" status="PASS">
          <reporter-output>
          </reporter-output>
        </test-method> <!-- test_102 -->
        <test-method signature="test_103()[pri:0, instance:com.sdetadda.allure.RestAssuredTestCases@4d722ac9]" started-at="2024-05-18T10:38:00 AEST" name="test_103" finished-at="2024-05-18T10:38:00 AEST" duration-ms="45" status="PASS">
          <reporter-output>
          </reporter-output>
        </test-method> <!-- test_103 -->
        <test-method signature="test_104()[pri:0, instance:com.sdetadda.allure.RestAssuredTestCases@4d722ac9]" started-at="2024-05-18T10:38:00 AEST" name="test_104" finished-at="2024-05-18T10:38:00 AEST" duration-ms="91" status="PASS">
          <reporter-output>
          </reporter-output>
        </test-method> <!-- test_104 -->
        <test-method signature="test_105()[pri:0, instance:com.sdetadda.allure.RestAssuredTestCases@4d722ac9]" started-at="2024-05-18T10:38:00 AEST" name="test_105" finished-at="2024-05-18T10:38:00 AEST" duration-ms="159" status="PASS">
          <reporter-output>
          </reporter-output>
        </test-method> <!-- test_105 -->
        <test-method signature="test_106()[pri:0, instance:com.sdetadda.allure.RestAssuredTestCases@4d722ac9]" started-at="2024-05-18T10:38:00 AEST" name="test_106" finished-at="2024-05-18T10:38:00 AEST" duration-ms="140" status="PASS">
          <reporter-output>
          </reporter-output>
        </test-method> <!-- test_106 -->
        <test-method signature="test_107()[pri:0, instance:com.sdetadda.allure.RestAssuredTestCases@4d722ac9]" started-at="2024-05-18T10:38:00 AEST" name="test_107" finished-at="2024-05-18T10:38:01 AEST" duration-ms="59" status="PASS">
          <reporter-output>
          </reporter-output>
        </test-method> <!-- test_107 -->
        <test-method signature="test_108()[pri:0, instance:com.sdetadda.allure.RestAssuredTestCases@4d722ac9]" started-at="2024-05-18T10:38:01 AEST" name="test_108" finished-at="2024-05-18T10:38:01 AEST" duration-ms="52" status="PASS">
          <reporter-output>
          </reporter-output>
        </test-method> <!-- test_108 -->
        <test-method signature="test_109()[pri:0, instance:com.sdetadda.allure.RestAssuredTestCases@4d722ac9]" started-at="2024-05-18T10:38:01 AEST" name="test_109" finished-at="2024-05-18T10:38:01 AEST" duration-ms="96" status="PASS">
          <reporter-output>
          </reporter-output>
        </test-method> <!-- test_109 -->
        <test-method signature="test_11()[pri:0, instance:com.sdetadda.allure.RestAssuredTestCases@4d722ac9]" started-at="2024-05-18T10:38:01 AEST" name="test_11" finished-at="2024-05-18T10:38:01 AEST" duration-ms="56" status="PASS">
          <reporter-output>
          </reporter-output>
        </test-method> <!-- test_11 -->
        <test-method signature="test_110()[pri:0, instance:com.sdetadda.allure.RestAssuredTestCases@4d722ac9]" started-at="2024-05-18T10:38:01 AEST" name="test_110" finished-at="2024-05-18T10:38:01 AEST" duration-ms="50" status="PASS">
          <reporter-output>
          </reporter-output>
        </test-method> <!-- test_110 -->
        <test-method signature="test_111()[pri:0, instance:com.sdetadda.allure.RestAssuredTestCases@4d722ac9]" started-at="2024-05-18T10:38:01 AEST" name="test_111" finished-at="2024-05-18T10:38:01 AEST" duration-ms="52" status="PASS">
          <reporter-output>
          </reporter-output>
        </test-method> <!-- test_111 -->
        <test-method signature="test_112()[pri:0, instance:com.sdetadda.allure.RestAssuredTestCases@4d722ac9]" started-at="2024-05-18T10:38:01 AEST" name="test_112" finished-at="2024-05-18T10:38:01 AEST" duration-ms="65" status="PASS">
          <reporter-output>
          </reporter-output>
        </test-method> <!-- test_112 -->
        <test-method signature="test_113()[pri:0, instance:com.sdetadda.allure.RestAssuredTestCases@4d722ac9]" started-at="2024-05-18T10:38:01 AEST" name="test_113" finished-at="2024-05-18T10:38:01 AEST" duration-ms="53" status="PASS">
          <reporter-output>
          </reporter-output>
        </test-method> <!-- test_113 -->
        <test-method signature="test_114()[pri:0, instance:com.sdetadda.allure.RestAssuredTestCases@4d722ac9]" started-at="2024-05-18T10:38:01 AEST" name="test_114" finished-at="2024-05-18T10:38:01 AEST" duration-ms="40" status="PASS">
          <reporter-output>
          </reporter-output>
        </test-method> <!-- test_114 -->
        <test-method signature="test_115()[pri:0, instance:com.sdetadda.allure.RestAssuredTestCases@4d722ac9]" started-at="2024-05-18T10:38:01 AEST" name="test_115" finished-at="2024-05-18T10:38:01 AEST" duration-ms="41" status="PASS">
          <reporter-output>
          </reporter-output>
        </test-method> <!-- test_115 -->
        <test-method signature="test_116()[pri:0, instance:com.sdetadda.allure.RestAssuredTestCases@4d722ac9]" started-at="2024-05-18T10:38:01 AEST" name="test_116" finished-at="2024-05-18T10:38:01 AEST" duration-ms="49" status="PASS">
          <reporter-output>
          </reporter-output>
        </test-method> <!-- test_116 -->
        <test-method signature="test_117()[pri:0, instance:com.sdetadda.allure.RestAssuredTestCases@4d722ac9]" started-at="2024-05-18T10:38:01 AEST" name="test_117" finished-at="2024-05-18T10:38:01 AEST" duration-ms="39" status="PASS">
          <reporter-output>
          </reporter-output>
        </test-method> <!-- test_117 -->
        <test-method signature="test_118()[pri:0, instance:com.sdetadda.allure.RestAssuredTestCases@4d722ac9]" started-at="2024-05-18T10:38:01 AEST" name="test_118" finished-at="2024-05-18T10:38:01 AEST" duration-ms="44" status="PASS">
          <reporter-output>
          </reporter-output>
        </test-method> <!-- test_118 -->
        <test-method signature="test_119()[pri:0, instance:com.sdetadda.allure.RestAssuredTestCases@4d722ac9]" started-at="2024-05-18T10:38:01 AEST" name="test_119" finished-at="2024-05-18T10:38:01 AEST" duration-ms="40" status="PASS">
          <reporter-output>
          </reporter-output>
        </test-method> <!-- test_119 -->
        <test-method signature="test_12()[pri:0, instance:com.sdetadda.allure.RestAssuredTestCases@4d722ac9]" started-at="2024-05-18T10:38:01 AEST" name="test_12" finished-at="2024-05-18T10:38:01 AEST" duration-ms="65" status="PASS">
          <reporter-output>
          </reporter-output>
        </test-method> <!-- test_12 -->
        <test-method signature="test_120()[pri:0, instance:com.sdetadda.allure.RestAssuredTestCases@4d722ac9]" started-at="2024-05-18T10:38:01 AEST" name="test_120" finished-at="2024-05-18T10:38:02 AEST" duration-ms="111" status="PASS">
          <reporter-output>
          </reporter-output>
        </test-method> <!-- test_120 -->
        <test-method signature="test_121()[pri:0, instance:com.sdetadda.allure.RestAssuredTestCases@4d722ac9]" started-at="2024-05-18T10:38:02 AEST" name="test_121" finished-at="2024-05-18T10:38:02 AEST" duration-ms="49" status="PASS">
          <reporter-output>
          </reporter-output>
        </test-method> <!-- test_121 -->
        <test-method signature="test_122()[pri:0, instance:com.sdetadda.allure.RestAssuredTestCases@4d722ac9]" started-at="2024-05-18T10:38:02 AEST" name="test_122" finished-at="2024-05-18T10:38:02 AEST" duration-ms="105" status="PASS">
          <reporter-output>
          </reporter-output>
        </test-method> <!-- test_122 -->
        <test-method signature="test_123()[pri:0, instance:com.sdetadda.allure.RestAssuredTestCases@4d722ac9]" started-at="2024-05-18T10:38:02 AEST" name="test_123" finished-at="2024-05-18T10:38:02 AEST" duration-ms="43" status="PASS">
          <reporter-output>
          </reporter-output>
        </test-method> <!-- test_123 -->
        <test-method signature="test_124()[pri:0, instance:com.sdetadda.allure.RestAssuredTestCases@4d722ac9]" started-at="2024-05-18T10:38:02 AEST" name="test_124" finished-at="2024-05-18T10:38:02 AEST" duration-ms="41" status="PASS">
          <reporter-output>
          </reporter-output>
        </test-method> <!-- test_124 -->
        <test-method signature="test_125()[pri:0, instance:com.sdetadda.allure.RestAssuredTestCases@4d722ac9]" started-at="2024-05-18T10:38:02 AEST" name="test_125" finished-at="2024-05-18T10:38:02 AEST" duration-ms="48" status="PASS">
          <reporter-output>
          </reporter-output>
        </test-method> <!-- test_125 -->
        <test-method signature="test_126()[pri:0, instance:com.sdetadda.allure.RestAssuredTestCases@4d722ac9]" started-at="2024-05-18T10:38:02 AEST" name="test_126" finished-at="2024-05-18T10:38:02 AEST" duration-ms="55" status="PASS">
          <reporter-output>
          </reporter-output>
        </test-method> <!-- test_126 -->
        <test-method signature="test_127()[pri:0, instance:com.sdetadda.allure.RestAssuredTestCases@4d722ac9]" started-at="2024-05-18T10:38:02 AEST" name="test_127" finished-at="2024-05-18T10:38:02 AEST" duration-ms="92" status="PASS">
          <reporter-output>
          </reporter-output>
        </test-method> <!-- test_127 -->
        <test-method signature="test_128()[pri:0, instance:com.sdetadda.allure.RestAssuredTestCases@4d722ac9]" started-at="2024-05-18T10:38:02 AEST" name="test_128" finished-at="2024-05-18T10:38:02 AEST" duration-ms="86" status="PASS">
          <reporter-output>
          </reporter-output>
        </test-method> <!-- test_128 -->
        <test-method signature="test_129()[pri:0, instance:com.sdetadda.allure.RestAssuredTestCases@4d722ac9]" started-at="2024-05-18T10:38:02 AEST" name="test_129" finished-at="2024-05-18T10:38:02 AEST" duration-ms="54" status="PASS">
          <reporter-output>
          </reporter-output>
        </test-method> <!-- test_129 -->
        <test-method signature="test_13()[pri:0, instance:com.sdetadda.allure.RestAssuredTestCases@4d722ac9]" started-at="2024-05-18T10:38:02 AEST" name="test_13" finished-at="2024-05-18T10:38:02 AEST" duration-ms="44" status="PASS">
          <reporter-output>
          </reporter-output>
        </test-method> <!-- test_13 -->
        <test-method signature="test_130()[pri:0, instance:com.sdetadda.allure.RestAssuredTestCases@4d722ac9]" started-at="2024-05-18T10:38:02 AEST" name="test_130" finished-at="2024-05-18T10:38:02 AEST" duration-ms="48" status="PASS">
          <reporter-output>
          </reporter-output>
        </test-method> <!-- test_130 -->
        <test-method signature="test_131()[pri:0, instance:com.sdetadda.allure.RestAssuredTestCases@4d722ac9]" started-at="2024-05-18T10:38:02 AEST" name="test_131" finished-at="2024-05-18T10:38:02 AEST" duration-ms="33" status="PASS">
          <reporter-output>
          </reporter-output>
        </test-method> <!-- test_131 -->
        <test-method signature="test_132()[pri:0, instance:com.sdetadda.allure.RestAssuredTestCases@4d722ac9]" started-at="2024-05-18T10:38:02 AEST" name="test_132" finished-at="2024-05-18T10:38:02 AEST" duration-ms="36" status="PASS">
          <reporter-output>
          </reporter-output>
        </test-method> <!-- test_132 -->
        <test-method signature="test_133()[pri:0, instance:com.sdetadda.allure.RestAssuredTestCases@4d722ac9]" started-at="2024-05-18T10:38:02 AEST" name="test_133" finished-at="2024-05-18T10:38:02 AEST" duration-ms="38" status="PASS">
          <reporter-output>
          </reporter-output>
        </test-method> <!-- test_133 -->
        <test-method signature="test_134()[pri:0, instance:com.sdetadda.allure.RestAssuredTestCases@4d722ac9]" started-at="2024-05-18T10:38:02 AEST" name="test_134" finished-at="2024-05-18T10:38:03 AEST" duration-ms="40" status="PASS">
          <reporter-output>
          </reporter-output>
        </test-method> <!-- test_134 -->
[...]
        <test-method signature="test_HeadingWithParagraphAndAnchorAndIdNullHeadingAndText()[pri:0, instance:com.sdetadda.allure.RestAssuredTestCases@4d722ac9]" started-at="2024-05-18T10:38:14 AEST" name="test_HeadingWithParagraphAndAnchorAndIdNullHeadingAndText" finished-at="2024-05-18T10:38:14 AEST" duration-ms="28" status="PASS">
          <reporter-output>
          </reporter-output>
        </test-method> <!-- test_HeadingWithParagraphAndAnchorAndIdNullHeadingAndText -->
        <test-method signature="test_HeadingWithParagraphAndAnchorAndIdNullHeadingAndTextAndId()[pri:0, instance:com.sdetadda.allure.RestAssuredTestCases@4d722ac9]" started-at="2024-05-18T10:38:14 AEST" name="test_HeadingWithParagraphAndAnchorAndIdNullHeadingAndTextAndId" finished-at="2024-05-18T10:38:14 AEST" duration-ms="33" status="PASS">
          <reporter-output>
          </reporter-output>
        </test-method> <!-- test_HeadingWithParagraphAndAnchorAndIdNullHeadingAndTextAndId -->
        <test-method signature="test_HeadingWithParagraphAndAnchorAndIdNullHeadingAndTextAndParagraph()[pri:0, instance:com.sdetadda.allure.RestAssuredTestCases@4d722ac9]" started-at="2024-05-18T10:38:14 AEST" name="test_HeadingWithParagraphAndAnchorAndIdNullHeadingAndTextAndParagraph" finished-at="2024-05-18T10:38:14 AEST" duration-ms="37" status="PASS">
          <reporter-output>
          </reporter-output>
        </test-method> <!-- test_HeadingWithParagraphAndAnchorAndIdNullHeadingAndTextAndParagraph -->
        <test-method signature="test_HeadingWithParagraphAndAnchorAndIdNullHeadingAndTextAndParagraphAndId()[pri:0, instance:com.sdetadda.allure.RestAssuredTestCases@4d722ac9]" started-at="2024-05-18T10:38:14 AEST" name="test_HeadingWithParagraphAndAnchorAndIdNullHeadingAndTextAndParagraphAndId" finished-at="2024-05-18T10:38:14 AEST" duration-ms="36" status="PASS">
          <reporter-output>
          </reporter-output>
        </test-method> <!-- test_HeadingWithParagraphAndAnchorAndIdNullHeadingAndTextAndParagraphAndId -->
        <test-method signature="test_HeadingWithParagraphAndAnchorAndIdNullHeadingAndTextAndUrl()[pri:0, instance:com.sdetadda.allure.RestAssuredTestCases@4d722ac9]" started-at="2024-05-18T10:38:14 AEST" name="test_HeadingWithParagraphAndAnchorAndIdNullHeadingAndTextAndUrl" finished-at="2024-05-18T10:38:14 AEST" duration-ms="41" status="PASS">
          <reporter-output>
          </reporter-output>
        </test-method> <!-- test_HeadingWithParagraphAndAnchorAndIdNullHeadingAndTextAndUrl -->
        <test-method signature="test_HeadingWithParagraphAndAnchorAndIdNullHeadingAndTextAndUrlAndId()[pri:0, instance:com.sdetadda.allure.RestAssuredTestCases@4d722ac9]" started-at="2024-05-18T10:38:14 AEST" name="test_HeadingWithParagraphAndAnchorAndIdNullHeadingAndTextAndUrlAndId" finished-at="2024-05-18T10:38:14 AEST" duration-ms="81" status="PASS">
          <reporter-output>
          </reporter-output>
        </test-method> <!-- test_HeadingWithParagraphAndAnchorAndIdNullHeadingAndTextAndUrlAndId -->
        <test-method signature="test_HeadingWithParagraphAndAnchorAndIdNullHeadingAndTextAndUrlAndParagraph()[pri:0, instance:com.sdetadda.allure.RestAssuredTestCases@4d722ac9]" started-at="2024-05-18T10:38:14 AEST" name="test_HeadingWithParagraphAndAnchorAndIdNullHeadingAndTextAndUrlAndParagraph" finished-at="2024-05-18T10:38:14 AEST" duration-ms="42" status="PASS">
          <reporter-output>
          </reporter-output>
        </test-method> <!-- test_HeadingWithParagraphAndAnchorAndIdNullHeadingAndTextAndUrlAndParagraph -->
        <test-method signature="test_HeadingWithParagraphAndAnchorAndIdNullHeadingAndTextAndUrlAndParagraphAndId()[pri:0, instance:com.sdetadda.allure.RestAssuredTestCases@4d722ac9]" started-at="2024-05-18T10:38:14 AEST" name="test_HeadingWithParagraphAndAnchorAndIdNullHeadingAndTextAndUrlAndParagraphAndId" finished-at="2024-05-18T10:38:14 AEST" duration-ms="34" status="PASS">
          <reporter-output>
          </reporter-output>
        </test-method> <!-- test_HeadingWithParagraphAndAnchorAndIdNullHeadingAndTextAndUrlAndParagraphAndId -->
        <test-method signature="test_HeadingWithParagraphAndAnchorAndIdNullHeadingAndUrl()[pri:0, instance:com.sdetadda.allure.RestAssuredTestCases@4d722ac9]" started-at="2024-05-18T10:38:14 AEST" name="test_HeadingWithParagraphAndAnchorAndIdNullHeadingAndUrl" finished-at="2024-05-18T10:38:14 AEST" duration-ms="28" status="PASS">
          <reporter-output>
          </reporter-output>
        </test-method> <!-- test_HeadingWithParagraphAndAnchorAndIdNullHeadingAndUrl -->
        <test-method signature="test_HeadingWithParagraphAndAnchorAndIdNullHeadingAndUrlAndId()[pri:0, instance:com.sdetadda.allure.RestAssuredTestCases@4d722ac9]" started-at="2024-05-18T10:38:14 AEST" name="test_HeadingWithParagraphAndAnchorAndIdNullHeadingAndUrlAndId" finished-at="2024-05-18T10:38:14 AEST" duration-ms="31" status="PASS">
          <reporter-output>
          </reporter-output>
        </test-method> <!-- test_HeadingWithParagraphAndAnchorAndIdNullHeadingAndUrlAndId -->
        <test-method signature="test_HeadingWithParagraphAndAnchorAndIdNullHeadingAndUrlAndParagraph()[pri:0, instance:com.sdetadda.allure.RestAssuredTestCases@4d722ac9]" started-at="2024-05-18T10:38:14 AEST" name="test_HeadingWithParagraphAndAnchorAndIdNullHeadingAndUrlAndParagraph" finished-at="2024-05-18T10:38:14 AEST" duration-ms="36" status="PASS">
          <reporter-output>
          </reporter-output>
        </test-method> <!-- test_HeadingWithParagraphAndAnchorAndIdNullHeadingAndUrlAndParagraph -->
        <test-method signature="test_HeadingWithParagraphAndAnchorAndIdNullHeadingAndUrlAndParagraphAndId()[pri:0, instance:com.sdetadda.allure.RestAssuredTestCases@4d722ac9]" started-at="2024-05-18T10:38:14 AEST" name="test_HeadingWithParagraphAndAnchorAndIdNullHeadingAndUrlAndParagraphAndId" finished-at="2024-05-18T10:38:14 AEST" duration-ms="32" status="PASS">
          <reporter-output>
          </reporter-output>
        </test-method> <!-- test_HeadingWithParagraphAndAnchorAndIdNullHeadingAndUrlAndParagraphAndId -->
        <test-method signature="test_HeadingWithParagraphAndAnchorAndIdNullId()[pri:0, instance:com.sdetadda.allure.RestAssuredTestCases@4d722ac9]" started-at="2024-05-18T10:38:14 AEST" name="test_HeadingWithParagraphAndAnchorAndIdNullId" finished-at="2024-05-18T10:38:14 AEST" duration-ms="45" status="PASS">
          <reporter-output>
          </reporter-output>
        </test-method> <!-- test_HeadingWithParagraphAndAnchorAndIdNullId -->
        <test-method signature="test_HeadingWithParagraphAndAnchorAndIdNullParagraph()[pri:0, instance:com.sdetadda.allure.RestAssuredTestCases@4d722ac9]" started-at="2024-05-18T10:38:14 AEST" name="test_HeadingWithParagraphAndAnchorAndIdNullParagraph" finished-at="2024-05-18T10:38:14 AEST" duration-ms="38" status="PASS">
          <reporter-output>
          </reporter-output>
        </test-method> <!-- test_HeadingWithParagraphAndAnchorAndIdNullParagraph -->
        <test-method signature="test_HeadingWithParagraphAndAnchorAndIdNullParagraphAndId()[pri:0, instance:com.sdetadda.allure.RestAssuredTestCases@4d722ac9]" started-at="2024-05-18T10:38:14 AEST" name="test_HeadingWithParagraphAndAnchorAndIdNullParagraphAndId" finished-at="2024-05-18T10:38:15 AEST" duration-ms="35" status="PASS">
          <reporter-output>
          </reporter-output>
        </test-method> <!-- test_HeadingWithParagraphAndAnchorAndIdNullParagraphAndId -->
        <test-method signature="test_HeadingWithParagraphAndAnchorAndIdNullText()[pri:0, instance:com.sdetadda.allure.RestAssuredTestCases@4d722ac9]" started-at="2024-05-18T10:38:15 AEST" name="test_HeadingWithParagraphAndAnchorAndIdNullText" finished-at="2024-05-18T10:38:15 AEST" duration-ms="38" status="PASS">
          <reporter-output>
          </reporter-output>
        </test-method> <!-- test_HeadingWithParagraphAndAnchorAndIdNullText -->
        <test-method signature="test_HeadingWithParagraphAndAnchorAndIdNullTextAndId()[pri:0, instance:com.sdetadda.allure.RestAssuredTestCases@4d722ac9]" started-at="2024-05-18T10:38:15 AEST" name="test_HeadingWithParagraphAndAnchorAndIdNullTextAndId" finished-at="2024-05-18T10:38:15 AEST" duration-ms="40" status="PASS">
          <reporter-output>
          </reporter-output>
        </test-method> <!-- test_HeadingWithParagraphAndAnchorAndIdNullTextAndId -->
        <test-method signature="test_HeadingWithParagraphAndAnchorAndIdNullTextAndParagraph()[pri:0, instance:com.sdetadda.allure.RestAssuredTestCases@4d722ac9]" started-at="2024-05-18T10:38:15 AEST" name="test_HeadingWithParagraphAndAnchorAndIdNullTextAndParagraph" finished-at="2024-05-18T10:38:15 AEST" duration-ms="37" status="FAIL">
          <exception class="java.lang.AssertionError">
            <message>
              <![CDATA[1 expectation failed.
JSON path content doesn't match.
Expected: <html><head><title>Heading with Anchor</title></head><body><h1>Eula O'Hara</h1><p></p><p>Paragraph with an achor: <a href=\"www.google.com\" id=\"478209179\"></a></p></body></html>
  Actual: <html><head><title>Heading with Anchor</title></head><body><h1>Eula O&#x27;Hara</h1><p></p><p>Paragraph with an achor: <a href=\"www.google.com\" id=\"478209179\"></a></p></body></html>
]]>
            </message>
            <full-stacktrace>
              <![CDATA[java.lang.AssertionError: 1 expectation failed.
JSON path content doesn't match.
Expected: <html><head><title>Heading with Anchor</title></head><body><h1>Eula O'Hara</h1><p></p><p>Paragraph with an achor: <a href=\"www.google.com\" id=\"478209179\"></a></p></body></html>
  Actual: <html><head><title>Heading with Anchor</title></head><body><h1>Eula O&#x27;Hara</h1><p></p><p>Paragraph with an achor: <a href=\"www.google.com\" id=\"478209179\"></a></p></body></html>

at java.base/jdk.internal.reflect.NativeConstructorAccessorImpl.newInstance0(Native Method)
at java.base/jdk.internal.reflect.NativeConstructorAccessorImpl.newInstance(NativeConstructorAccessorImpl.java:77)
at java.base/jdk.internal.reflect.DelegatingConstructorAccessorImpl.newInstance(DelegatingConstructorAccessorImpl.java:45)
at java.base/java.lang.reflect.Constructor.newInstanceWithCaller(Constructor.java:499)
at java.base/java.lang.reflect.Constructor.newInstance(Constructor.java:480)
at org.codehaus.groovy.reflection.CachedConstructor.invoke(CachedConstructor.java:73)
at org.codehaus.groovy.runtime.callsite.ConstructorSite$ConstructorSiteNoUnwrapNoCoerce.callConstructor(ConstructorSite.java:108)
at org.codehaus.groovy.runtime.callsite.AbstractCallSite.callConstructor(AbstractCallSite.java:277)
at io.restassured.internal.ResponseSpecificationImpl$HamcrestAssertionClosure.validate(ResponseSpecificationImpl.groovy:512)
at io.restassured.internal.ResponseSpecificationImpl$HamcrestAssertionClosure$validate$1.call(Unknown Source)
at io.restassured.internal.ResponseSpecificationImpl.validateResponseIfRequired(ResponseSpecificationImpl.groovy:696)
at io.restassured.internal.ResponseSpecificationImpl.this$2$validateResponseIfRequired(ResponseSpecificationImpl.groovy)
at jdk.internal.reflect.GeneratedMethodAccessor118.invoke(Unknown Source)
at java.base/jdk.internal.reflect.DelegatingMethodAccessorImpl.invoke(DelegatingMethodAccessorImpl.java:43)
at java.base/java.lang.reflect.Method.invoke(Method.java:568)
at org.codehaus.groovy.runtime.callsite.PlainObjectMetaMethodSite.doInvoke(PlainObjectMetaMethodSite.java:43)
at org.codehaus.groovy.runtime.callsite.PogoMetaMethodSite$PogoCachedMethodSiteNoUnwrapNoCoerce.invoke(PogoMetaMethodSite.java:198)
at org.codehaus.groovy.runtime.callsite.PogoMetaMethodSite.callCurrent(PogoMetaMethodSite.java:62)
at org.codehaus.groovy.runtime.callsite.AbstractCallSite.callCurrent(AbstractCallSite.java:185)
at io.restassured.internal.ResponseSpecificationImpl.body(ResponseSpecificationImpl.groovy:270)
at io.restassured.specification.ResponseSpecification$body$0.callCurrent(Unknown Source)
at io.restassured.internal.ResponseSpecificationImpl.body(ResponseSpecificationImpl.groovy:117)
at io.restassured.internal.ValidatableResponseOptionsImpl.body(ValidatableResponseOptionsImpl.java:244)
at com.sdetadda.allure.RestAssuredTestCases.test_HeadingWithParagraphAndAnchorAndIdNullTextAndParagraph(RestAssuredTestCases.java:4455)
at java.base/jdk.internal.reflect.NativeMethodAccessorImpl.invoke0(Native Method)
at java.base/jdk.internal.reflect.NativeMethodAccessorImpl.invoke(NativeMethodAccessorImpl.java:77)
at java.base/jdk.internal.reflect.DelegatingMethodAccessorImpl.invoke(DelegatingMethodAccessorImpl.java:43)
at java.base/java.lang.reflect.Method.invoke(Method.java:568)
at org.testng.internal.invokers.MethodInvocationHelper.invokeMethod(MethodInvocationHelper.java:139)
at org.testng.internal.invokers.TestInvoker.invokeMethod(TestInvoker.java:664)
at org.testng.internal.invokers.TestInvoker.invokeTestMethod(TestInvoker.java:228)
at org.testng.internal.invokers.MethodRunner.runInSequence(MethodRunner.java:63)
at org.testng.internal.invokers.TestInvoker$MethodInvocationAgent.invoke(TestInvoker.java:961)
at org.testng.internal.invokers.TestInvoker.invokeTestMethods(TestInvoker.java:201)
at org.testng.internal.invokers.TestMethodWorker.invokeTestMethods(TestMethodWorker.java:148)
at org.testng.internal.invokers.TestMethodWorker.run(TestMethodWorker.java:128)
at java.base/java.util.ArrayList.forEach(ArrayList.java:1511)
at org.testng.TestRunner.privateRun(TestRunner.java:819)
at org.testng.TestRunner.run(TestRunner.java:619)
at org.testng.SuiteRunner.runTest(SuiteRunner.java:443)
at org.testng.SuiteRunner.runSequentially(SuiteRunner.java:437)
at org.testng.SuiteRunner.privateRun(SuiteRunner.java:397)
at org.testng.SuiteRunner.run(SuiteRunner.java:336)
at org.testng.SuiteRunnerWorker.runSuite(SuiteRunnerWorker.java:52)
at org.testng.SuiteRunnerWorker.run(SuiteRunnerWorker.java:95)
at org.testng.TestNG.runSuitesSequentially(TestNG.java:1301)
at org.testng.TestNG.runSuitesLocally(TestNG.java:1228)
at org.testng.TestNG.runSuites(TestNG.java:1134)
at org.testng.TestNG.run(TestNG.java:1101)
at org.testng.remote.AbstractRemoteTestNG.run(AbstractRemoteTestNG.java:115)
at org.testng.remote.RemoteTestNG.initAndRun(RemoteTestNG.java:293)
at org.testng.remote.RemoteTestNG.main(RemoteTestNG.java:91)
]]>
            </full-stacktrace>
          </exception> <!-- java.lang.AssertionError -->
          <reporter-output>
          </reporter-output>
        </test-method> <!-- test_HeadingWithParagraphAndAnchorAndIdNullTextAndParagraph -->
        <test-method signature="test_HeadingWithParagraphAndAnchorAndIdNullTextAndParagraphAndId()[pri:0, instance:com.sdetadda.allure.RestAssuredTestCases@4d722ac9]" started-at="2024-05-18T10:38:15 AEST" name="test_HeadingWithParagraphAndAnchorAndIdNullTextAndParagraphAndId" finished-at="2024-05-18T10:38:15 AEST" duration-ms="46" status="PASS">
          <reporter-output>
          </reporter-output>
        </test-method> <!-- test_HeadingWithParagraphAndAnchorAndIdNullTextAndParagraphAndId -->
        <test-method signature="test_HeadingWithParagraphAndAnchorAndIdNullTextAndUrl()[pri:0, instance:com.sdetadda.allure.RestAssuredTestCases@4d722ac9]" started-at="2024-05-18T10:38:15 AEST" name="test_HeadingWithParagraphAndAnchorAndIdNullTextAndUrl" finished-at="2024-05-18T10:38:15 AEST" duration-ms="35" status="PASS">
          <reporter-output>
          </reporter-output>
        </test-method> <!-- test_HeadingWithParagraphAndAnchorAndIdNullTextAndUrl -->
        <test-method signature="test_HeadingWithParagraphAndAnchorAndIdNullTextAndUrlAndId()[pri:0, instance:com.sdetadda.allure.RestAssuredTestCases@4d722ac9]" started-at="2024-05-18T10:38:15 AEST" name="test_HeadingWithParagraphAndAnchorAndIdNullTextAndUrlAndId" finished-at="2024-05-18T10:38:15 AEST" duration-ms="36" status="PASS">
          <reporter-output>
          </reporter-output>
        </test-method> <!-- test_HeadingWithParagraphAndAnchorAndIdNullTextAndUrlAndId -->
        <test-method signature="test_HeadingWithParagraphAndAnchorAndIdNullTextAndUrlAndParagraph()[pri:0, instance:com.sdetadda.allure.RestAssuredTestCases@4d722ac9]" started-at="2024-05-18T10:38:15 AEST" name="test_HeadingWithParagraphAndAnchorAndIdNullTextAndUrlAndParagraph" finished-at="2024-05-18T10:38:15 AEST" duration-ms="41" status="PASS">
          <reporter-output>
          </reporter-output>
        </test-method> <!-- test_HeadingWithParagraphAndAnchorAndIdNullTextAndUrlAndParagraph -->
        <test-method signature="test_HeadingWithParagraphAndAnchorAndIdNullTextAndUrlAndParagraphAndId()[pri:0, instance:com.sdetadda.allure.RestAssuredTestCases@4d722ac9]" started-at="2024-05-18T10:38:15 AEST" name="test_HeadingWithParagraphAndAnchorAndIdNullTextAndUrlAndParagraphAndId" finished-at="2024-05-18T10:38:15 AEST" duration-ms="37" status="PASS">
          <reporter-output>
          </reporter-output>
        </test-method> <!-- test_HeadingWithParagraphAndAnchorAndIdNullTextAndUrlAndParagraphAndId -->
        <test-method signature="test_HeadingWithParagraphAndAnchorAndIdNullUrl()[pri:0, instance:com.sdetadda.allure.RestAssuredTestCases@4d722ac9]" started-at="2024-05-18T10:38:15 AEST" name="test_HeadingWithParagraphAndAnchorAndIdNullUrl" finished-at="2024-05-18T10:38:15 AEST" duration-ms="61" status="PASS">
          <reporter-output>
          </reporter-output>
        </test-method> <!-- test_HeadingWithParagraphAndAnchorAndIdNullUrl -->
        <test-method signature="test_HeadingWithParagraphAndAnchorAndIdNullUrlAndId()[pri:0, instance:com.sdetadda.allure.RestAssuredTestCases@4d722ac9]" started-at="2024-05-18T10:38:15 AEST" name="test_HeadingWithParagraphAndAnchorAndIdNullUrlAndId" finished-at="2024-05-18T10:38:15 AEST" duration-ms="37" status="PASS">
          <reporter-output>
          </reporter-output>
        </test-method> <!-- test_HeadingWithParagraphAndAnchorAndIdNullUrlAndId -->
        <test-method signature="test_HeadingWithParagraphAndAnchorAndIdNullUrlAndParagraph()[pri:0, instance:com.sdetadda.allure.RestAssuredTestCases@4d722ac9]" started-at="2024-05-18T10:38:15 AEST" name="test_HeadingWithParagraphAndAnchorAndIdNullUrlAndParagraph" finished-at="2024-05-18T10:38:15 AEST" duration-ms="31" status="PASS">
          <reporter-output>
          </reporter-output>
        </test-method> <!-- test_HeadingWithParagraphAndAnchorAndIdNullUrlAndParagraph -->
        <test-method signature="test_HeadingWithParagraphAndAnchorAndIdNullUrlAndParagraphAndId()[pri:0, instance:com.sdetadda.allure.RestAssuredTestCases@4d722ac9]" started-at="2024-05-18T10:38:15 AEST" name="test_HeadingWithParagraphAndAnchorAndIdNullUrlAndParagraphAndId" finished-at="2024-05-18T10:38:15 AEST" duration-ms="28" status="PASS">
          <reporter-output>
          </reporter-output>
        </test-method> <!-- test_HeadingWithParagraphAndAnchorAndIdNullUrlAndParagraphAndId -->
        <test-method signature="test_HeadingWithParagraphAndAnchorAndIdZeroId()[pri:0, instance:com.sdetadda.allure.RestAssuredTestCases@4d722ac9]" started-at="2024-05-18T10:38:15 AEST" name="test_HeadingWithParagraphAndAnchorAndIdZeroId" finished-at="2024-05-18T10:38:15 AEST" duration-ms="30" status="PASS">
          <reporter-output>
          </reporter-output>
        </test-method> <!-- test_HeadingWithParagraphAndAnchorAndIdZeroId -->
        <test-method signature="test_HeadingWithParagraphAndId()[pri:0, instance:com.sdetadda.allure.RestAssuredTestCases@4d722ac9]" started-at="2024-05-18T10:38:15 AEST" name="test_HeadingWithParagraphAndId" finished-at="2024-05-18T10:38:15 AEST" duration-ms="33" status="PASS">
          <reporter-output>
          </reporter-output>
        </test-method> <!-- test_HeadingWithParagraphAndId -->
      </class> <!-- com.sdetadda.allure.RestAssuredTestCases -->
    </test> <!-- Default test -->
  </suite> <!-- Default suite -->
</testng-results>
